==========================================================
  🚀 STARTING ZERODHA ALGORITHMIC ENGINE
==========================================================
Starting permanent Webhook Tunnel (lenovo-zerodha)...
Tunnel established. Webhooks are natively routing to:
👉 https://lenovo-zerodha.loca.lt/zerodha/postback
==========================================================
Using launch settings from /Users/Lenovo/Projects/Zerodha_Option_Selling/Zerodha Trading Infra/Trading.Strategy/Properties/launchSettings.json...
Building...
info: Microsoft.EntityFrameworkCore.Database.Command[20101]
      Executed DbCommand (5ms) [Parameters=[], CommandType='Text', CommandTimeout='30']
      SELECT COUNT(*) FROM "sqlite_master" WHERE "type" = 'table' AND "rootpage" IS NOT NULL;
info: Trading.Strategy.StatusReporterService[0]
      StatusReporterService started. Waiting 60s for indicator warmup...
info: Trading.Strategy.Services.MarketClosingService[0]
      MarketClosingService started. Monitoring for 15:35 IST market close.
info: Trading.Strategy.Worker[0]
      Strategy Engine Worker starting at: 05/04/2026 11:09:03 +05:30
info: Trading.Zerodha.Services.ZerodhaAuthService[0]
      Validating cached token from access_token.json...
info: Microsoft.Hosting.Lifetime[14]
      Now listening on: http://0.0.0.0:5005
info: Microsoft.Hosting.Lifetime[0]
      Application started. Press Ctrl+C to shut down.
info: Microsoft.Hosting.Lifetime[0]
      Hosting environment: Development
info: Microsoft.Hosting.Lifetime[0]
      Content root path: /Users/Lenovo/Projects/Zerodha_Option_Selling/Zerodha Trading Infra/Trading.Strategy
info: Trading.Strategy.Consumers.MQDataConsumer[0]
      MQDataConsumer started listening to RabbitMQ.
info: Trading.Zerodha.Services.ZerodhaAuthService[0]
      Cached token is valid. Skipping login.
info: Trading.Zerodha.Services.NfoSymbolMaster[0]
      Downloading NFO Instrument Master from Zerodha Kite...
fail: Trading.Zerodha.Services.NfoSymbolMaster[0]
      Failed to download NFO instruments from Zerodha.
      System.Threading.Tasks.TaskCanceledException: The request was canceled due to the configured HttpClient.Timeout of 7 seconds elapsing.
       ---> System.TimeoutException: A task was canceled.
       ---> System.Threading.Tasks.TaskCanceledException: A task was canceled.
         at System.Threading.Tasks.TaskCompletionSourceWithCancellation`1.WaitWithCancellation(CancellationToken cancellationToken)
         at System.Net.Http.HttpConnectionWaiter`1.WaitForConnectionAsync(HttpRequestMessage request, HttpConnectionPool pool, Boolean async, CancellationToken requestCancellationToken)
         at System.Net.Http.HttpConnectionPool.SendWithVersionDetectionAndRetryAsync(HttpRequestMessage request, Boolean async, Boolean doRequestAuth, CancellationToken cancellationToken)
         at System.Net.Http.HttpMessageHandlerStage.Send(HttpRequestMessage request, CancellationToken cancellationToken)
         at System.Net.Http.Metrics.MetricsHandler.SendAsync(HttpRequestMessage request, Boolean async, CancellationToken cancellationToken)
         at System.Net.Http.HttpMessageHandlerStage.Send(HttpRequestMessage request, CancellationToken cancellationToken)
         at System.Net.Http.DiagnosticsHandler.SendAsync(HttpRequestMessage request, Boolean async, CancellationToken cancellationToken)
         at System.Net.Http.RedirectHandler.SendAsync(HttpRequestMessage request, Boolean async, CancellationToken cancellationToken)
         at System.Net.Http.HttpMessageHandlerStage.Send(HttpRequestMessage request, CancellationToken cancellationToken)
         at System.Net.Http.SocketsHttpHandler.Send(HttpRequestMessage request, CancellationToken cancellationToken)
         at System.Net.Http.HttpClient.Send(HttpRequestMessage request, HttpCompletionOption completionOption, CancellationToken cancellationToken)
         --- End of inner exception stack trace ---
         --- End of inner exception stack trace ---
         at System.Net.Http.HttpClient.HandleFailure(Exception e, Boolean telemetryStarted, HttpResponseMessage response, CancellationTokenSource cts, CancellationToken cancellationToken, CancellationTokenSource pendingRequestsCts)
         at System.Net.Http.HttpClient.Send(HttpRequestMessage request, HttpCompletionOption completionOption, CancellationToken cancellationToken)
         at System.Net.Http.HttpClient.Send(HttpRequestMessage request)
         at KiteConnect.Kite.Request(String Route, String Method, Object Params, Dictionary`2 QueryParams, Boolean json)
         at KiteConnect.Kite.Get(String Route, Dictionary`2 Params, Dictionary`2 QueryParams)
         at KiteConnect.Kite.GetInstruments(String Exchange)
         at Trading.Zerodha.Services.NfoSymbolMaster.Initialize(String accessToken) in /Users/Lenovo/Projects/Zerodha_Option_Selling/Zerodha Trading Infra/Trading.Zerodha/Services/NfoSymbolMaster.cs:line 40
info: Trading.Strategy.Worker[0]
      Strategy Engine authenticated successfully with Zerodha.
info: Trading.Strategy.Worker[0]
      Pre-warming Technical Indicators...
warn: Trading.Strategy.Worker[0]
      Zerodha:InstrumentTokens not found in config. Using hardcoded defaults. Add them to appsettings.json to remove this warning.
info: Microsoft.EntityFrameworkCore.Database.Command[20101]
      Executed DbCommand (5ms) [Parameters=[@__symbol_0='?' (Size = 8), @__p_1='?' (DbType = Int32)], CommandType='Text', CommandTimeout='30']
      SELECT "d0"."Id", "d0"."Close", "d0"."Date", "d0"."High", "d0"."Low", "d0"."Open", "d0"."Symbol"
      FROM (
          SELECT "d"."Id", "d"."Close", "d"."Date", "d"."High", "d"."Low", "d"."Open", "d"."Symbol"
          FROM "DailyCloses" AS "d"
          WHERE "d"."Symbol" = @__symbol_0
          ORDER BY "d"."Date" DESC
          LIMIT @__p_1
      ) AS "d0"
      ORDER BY "d0"."Date"
info: Microsoft.EntityFrameworkCore.Database.Command[20101]
      Executed DbCommand (0ms) [Parameters=[@__symbol_0='?' (Size = 8)], CommandType='Text', CommandTimeout='30']
      SELECT "m"."Id", "m"."Date", "m"."EMA100", "m"."EMA200", "m"."EMA50", "m"."SMA100", "m"."SMA200", "m"."SMA50", "m"."Symbol"
      FROM "MovingAverageSnapshots" AS "m"
      WHERE "m"."Symbol" = @__symbol_0
      ORDER BY "m"."Date" DESC
      LIMIT 1
info: Trading.Strategy.Services.MovingAverageService[0]
      Restored NIFTY 50 EMA state from DB snapshot dated 4/30/2026. EMA50=24195.228653219661215319912386, EMA200=24906.484347707165312871173867
info: Microsoft.EntityFrameworkCore.Database.Command[20101]
      Executed DbCommand (0ms) [Parameters=[@__symbol_0='?' (Size = 8)], CommandType='Text', CommandTimeout='30']
      SELECT "d"."Id", "d"."Close", "d"."Date", "d"."High", "d"."Low", "d"."Open", "d"."Symbol"
      FROM "DailyCloses" AS "d"
      WHERE "d"."Symbol" = @__symbol_0
      ORDER BY "d"."Date" DESC
      LIMIT 1
info: Trading.Strategy.Worker[0]
      NIFTY 50: DB ends at 4/30/2026. Fetching missing days 5/1/2026 → 5/3/2026 from Zerodha...
warn: Trading.Strategy.Worker[0]
      NIFTY 50: No new candles returned from Zerodha.
info: Trading.Strategy.Worker[0]
      >>> NIFTY 50 3-DAY RANGE: Low=23796.85 High=24334.7 <<<
info: Microsoft.EntityFrameworkCore.Database.Command[20101]
      Executed DbCommand (0ms) [Parameters=[@__symbol_0='?' (Size = 10), @__p_1='?' (DbType = Int32)], CommandType='Text', CommandTimeout='30']
      SELECT "d0"."Id", "d0"."Close", "d0"."Date", "d0"."High", "d0"."Low", "d0"."Open", "d0"."Symbol"
      FROM (
          SELECT "d"."Id", "d"."Close", "d"."Date", "d"."High", "d"."Low", "d"."Open", "d"."Symbol"
          FROM "DailyCloses" AS "d"
          WHERE "d"."Symbol" = @__symbol_0
          ORDER BY "d"."Date" DESC
          LIMIT @__p_1
      ) AS "d0"
      ORDER BY "d0"."Date"
info: Microsoft.EntityFrameworkCore.Database.Command[20101]
      Executed DbCommand (0ms) [Parameters=[@__symbol_0='?' (Size = 10)], CommandType='Text', CommandTimeout='30']
      SELECT "m"."Id", "m"."Date", "m"."EMA100", "m"."EMA200", "m"."EMA50", "m"."SMA100", "m"."SMA200", "m"."SMA50", "m"."Symbol"
      FROM "MovingAverageSnapshots" AS "m"
      WHERE "m"."Symbol" = @__symbol_0
      ORDER BY "m"."Date" DESC
      LIMIT 1
info: Trading.Strategy.Services.MovingAverageService[0]
      Restored NIFTY BANK EMA state from DB snapshot dated 4/30/2026. EMA50=56241.82762264738493406800419, EMA200=57306.797976523036117814477473
info: Microsoft.EntityFrameworkCore.Database.Command[20101]
      Executed DbCommand (0ms) [Parameters=[@__symbol_0='?' (Size = 10)], CommandType='Text', CommandTimeout='30']
      SELECT "d"."Id", "d"."Close", "d"."Date", "d"."High", "d"."Low", "d"."Open", "d"."Symbol"
      FROM "DailyCloses" AS "d"
      WHERE "d"."Symbol" = @__symbol_0
      ORDER BY "d"."Date" DESC
      LIMIT 1
info: Trading.Strategy.Worker[0]
      NIFTY BANK: DB ends at 4/30/2026. Fetching missing days 5/1/2026 → 5/3/2026 from Zerodha...
warn: Trading.Strategy.Worker[0]
      NIFTY BANK: No new candles returned from Zerodha.
info: Trading.Strategy.Worker[0]
      >>> NIFTY BANK 3-DAY RANGE: Low=54440.25 High=56178.75 <<<
info: Trading.Strategy.Worker[0]
      Pre-warm complete. SMAs, EMAs, and CPRs ready.
info: Microsoft.EntityFrameworkCore.Database.Command[20101]
      Executed DbCommand (1ms) [Parameters=[@__symbol_0='?' (Size = 8), @__timeframe_1='?' (Size = 5), @__date_2='?' (DbType = DateTime)], CommandType='Text', CommandTimeout='30']
      SELECT "c"."Id", "c"."BottomCentral", "c"."Date", "c"."Pivot", "c"."R1", "c"."R2", "c"."R3", "c"."S1", "c"."S2", "c"."S3", "c"."Symbol", "c"."Timeframe", "c"."TopCentral"
      FROM "CprData" AS "c"
      WHERE "c"."Symbol" = @__symbol_0 AND "c"."Timeframe" = @__timeframe_1 AND "c"."Date" = @__date_2
      LIMIT 1
info: Microsoft.EntityFrameworkCore.Database.Command[20101]
      Executed DbCommand (0ms) [Parameters=[@__symbol_0='?' (Size = 8), @__timeframe_1='?' (Size = 6), @__date_2='?' (DbType = DateTime)], CommandType='Text', CommandTimeout='30']
      SELECT "c"."Id", "c"."BottomCentral", "c"."Date", "c"."Pivot", "c"."R1", "c"."R2", "c"."R3", "c"."S1", "c"."S2", "c"."S3", "c"."Symbol", "c"."Timeframe", "c"."TopCentral"
      FROM "CprData" AS "c"
      WHERE "c"."Symbol" = @__symbol_0 AND "c"."Timeframe" = @__timeframe_1 AND "c"."Date" = @__date_2
      LIMIT 1
info: Microsoft.EntityFrameworkCore.Database.Command[20101]
      Executed DbCommand (0ms) [Parameters=[@__symbol_0='?' (Size = 8), @__timeframe_1='?' (Size = 7), @__date_2='?' (DbType = DateTime)], CommandType='Text', CommandTimeout='30']
      SELECT "c"."Id", "c"."BottomCentral", "c"."Date", "c"."Pivot", "c"."R1", "c"."R2", "c"."R3", "c"."S1", "c"."S2", "c"."S3", "c"."Symbol", "c"."Timeframe", "c"."TopCentral"
      FROM "CprData" AS "c"
      WHERE "c"."Symbol" = @__symbol_0 AND "c"."Timeframe" = @__timeframe_1 AND "c"."Date" = @__date_2
      LIMIT 1
info: Microsoft.EntityFrameworkCore.Database.Command[20101]
      Executed DbCommand (0ms) [Parameters=[@__symbol_0='?' (Size = 10), @__timeframe_1='?' (Size = 5), @__date_2='?' (DbType = DateTime)], CommandType='Text', CommandTimeout='30']
      SELECT "c"."Id", "c"."BottomCentral", "c"."Date", "c"."Pivot", "c"."R1", "c"."R2", "c"."R3", "c"."S1", "c"."S2", "c"."S3", "c"."Symbol", "c"."Timeframe", "c"."TopCentral"
      FROM "CprData" AS "c"
      WHERE "c"."Symbol" = @__symbol_0 AND "c"."Timeframe" = @__timeframe_1 AND "c"."Date" = @__date_2
      LIMIT 1
info: Microsoft.EntityFrameworkCore.Database.Command[20101]
      Executed DbCommand (0ms) [Parameters=[@__symbol_0='?' (Size = 10), @__timeframe_1='?' (Size = 6), @__date_2='?' (DbType = DateTime)], CommandType='Text', CommandTimeout='30']
      SELECT "c"."Id", "c"."BottomCentral", "c"."Date", "c"."Pivot", "c"."R1", "c"."R2", "c"."R3", "c"."S1", "c"."S2", "c"."S3", "c"."Symbol", "c"."Timeframe", "c"."TopCentral"
      FROM "CprData" AS "c"
      WHERE "c"."Symbol" = @__symbol_0 AND "c"."Timeframe" = @__timeframe_1 AND "c"."Date" = @__date_2
      LIMIT 1
info: Microsoft.EntityFrameworkCore.Database.Command[20101]
      Executed DbCommand (0ms) [Parameters=[@__symbol_0='?' (Size = 10), @__timeframe_1='?' (Size = 7), @__date_2='?' (DbType = DateTime)], CommandType='Text', CommandTimeout='30']
      SELECT "c"."Id", "c"."BottomCentral", "c"."Date", "c"."Pivot", "c"."R1", "c"."R2", "c"."R3", "c"."S1", "c"."S2", "c"."S3", "c"."Symbol", "c"."Timeframe", "c"."TopCentral"
      FROM "CprData" AS "c"
      WHERE "c"."Symbol" = @__symbol_0 AND "c"."Timeframe" = @__timeframe_1 AND "c"."Date" = @__date_2
      LIMIT 1
info: Trading.Strategy.Worker[0]
      Saved latest CPRs to SQLite Database.
info: Microsoft.AspNetCore.Hosting.Diagnostics[1]
      Request starting HTTP/1.1 GET http://localhost:5005/api/state - - -
info: Microsoft.AspNetCore.Routing.EndpointMiddleware[0]
      Executing endpoint 'HTTP: GET /api/state'
info: Microsoft.AspNetCore.Http.Result.OkObjectResult[1]
      Setting HTTP status code 200.
info: Microsoft.AspNetCore.Http.Result.OkObjectResult[3]
      Writing value of type '<>f__AnonymousType0`2' as Json.
info: Microsoft.AspNetCore.Routing.EndpointMiddleware[1]
      Executed endpoint 'HTTP: GET /api/state'
info: Microsoft.AspNetCore.Hosting.Diagnostics[2]
      Request finished HTTP/1.1 GET http://localhost:5005/api/state - 200 - application/json;+charset=utf-8 41.5560ms
info: Trading.Strategy.StatusReporterService[0]
      StatusReporterService: Sending report #1 at 05/04/2026 11:10:03...
info: Trading.Strategy.StatusReporterService[0]
      Telegram message sent OK.
info: Trading.Strategy.StatusReporterService[0]
      StatusReporterService: Report #1 sent.
info: Microsoft.AspNetCore.Hosting.Diagnostics[1]
      Request starting HTTP/1.1 GET http://localhost:5005/api/state - - -
info: Microsoft.AspNetCore.Routing.EndpointMiddleware[0]
      Executing endpoint 'HTTP: GET /api/state'
info: Microsoft.AspNetCore.Http.Result.OkObjectResult[1]
      Setting HTTP status code 200.
info: Microsoft.AspNetCore.Http.Result.OkObjectResult[3]
      Writing value of type '<>f__AnonymousType0`2' as Json.
info: Microsoft.AspNetCore.Routing.EndpointMiddleware[1]
      Executed endpoint 'HTTP: GET /api/state'
info: Microsoft.AspNetCore.Hosting.Diagnostics[2]
      Request finished HTTP/1.1 GET http://localhost:5005/api/state - 200 - application/json;+charset=utf-8 3.8540ms
info: Microsoft.AspNetCore.Hosting.Diagnostics[1]
      Request starting HTTP/1.1 GET http://localhost:5005/api/state - - -
info: Microsoft.AspNetCore.Routing.EndpointMiddleware[0]
      Executing endpoint 'HTTP: GET /api/state'
info: Microsoft.AspNetCore.Http.Result.OkObjectResult[1]
      Setting HTTP status code 200.
info: Microsoft.AspNetCore.Http.Result.OkObjectResult[3]
      Writing value of type '<>f__AnonymousType0`2' as Json.
info: Microsoft.AspNetCore.Routing.EndpointMiddleware[1]
      Executed endpoint 'HTTP: GET /api/state'
info: Microsoft.AspNetCore.Hosting.Diagnostics[2]
      Request finished HTTP/1.1 GET http://localhost:5005/api/state - 200 - application/json;+charset=utf-8 2.4573ms
info: Microsoft.AspNetCore.Hosting.Diagnostics[1]
      Request starting HTTP/1.1 GET http://localhost:5005/api/state - - -
info: Microsoft.AspNetCore.Routing.EndpointMiddleware[0]
      Executing endpoint 'HTTP: GET /api/state'
info: Microsoft.AspNetCore.Http.Result.OkObjectResult[1]
      Setting HTTP status code 200.
info: Microsoft.AspNetCore.Http.Result.OkObjectResult[3]
      Writing value of type '<>f__AnonymousType0`2' as Json.
info: Microsoft.AspNetCore.Routing.EndpointMiddleware[1]
      Executed endpoint 'HTTP: GET /api/state'
info: Microsoft.AspNetCore.Hosting.Diagnostics[2]
      Request finished HTTP/1.1 GET http://localhost:5005/api/state - 200 - application/json;+charset=utf-8 21.0752ms
info: Microsoft.AspNetCore.Hosting.Diagnostics[1]
      Request starting HTTP/1.1 GET http://localhost:5005/api/state - - -
info: Microsoft.AspNetCore.Routing.EndpointMiddleware[0]
      Executing endpoint 'HTTP: GET /api/state'
info: Microsoft.AspNetCore.Http.Result.OkObjectResult[1]
      Setting HTTP status code 200.
info: Microsoft.AspNetCore.Http.Result.OkObjectResult[3]
      Writing value of type '<>f__AnonymousType0`2' as Json.
info: Microsoft.AspNetCore.Routing.EndpointMiddleware[1]
      Executed endpoint 'HTTP: GET /api/state'
info: Microsoft.AspNetCore.Hosting.Diagnostics[2]
      Request finished HTTP/1.1 GET http://localhost:5005/api/state - 200 - application/json;+charset=utf-8 4.3728ms
info: Microsoft.AspNetCore.Hosting.Diagnostics[1]
      Request starting HTTP/1.1 GET http://localhost:5005/api/state - - -
info: Microsoft.AspNetCore.Routing.EndpointMiddleware[0]
      Executing endpoint 'HTTP: GET /api/state'
info: Microsoft.AspNetCore.Http.Result.OkObjectResult[1]
      Setting HTTP status code 200.
info: Microsoft.AspNetCore.Http.Result.OkObjectResult[3]
      Writing value of type '<>f__AnonymousType0`2' as Json.
info: Microsoft.AspNetCore.Routing.EndpointMiddleware[1]
      Executed endpoint 'HTTP: GET /api/state'
info: Microsoft.AspNetCore.Hosting.Diagnostics[2]
      Request finished HTTP/1.1 GET http://localhost:5005/api/state - 200 - application/json;+charset=utf-8 2.9811ms
info: Microsoft.AspNetCore.Hosting.Diagnostics[1]
      Request starting HTTP/1.1 GET http://localhost:5005/api/state - - -
info: Microsoft.AspNetCore.Routing.EndpointMiddleware[0]
      Executing endpoint 'HTTP: GET /api/state'
info: Microsoft.AspNetCore.Http.Result.OkObjectResult[1]
      Setting HTTP status code 200.
info: Microsoft.AspNetCore.Http.Result.OkObjectResult[3]
      Writing value of type '<>f__AnonymousType0`2' as Json.
info: Microsoft.AspNetCore.Routing.EndpointMiddleware[1]
      Executed endpoint 'HTTP: GET /api/state'
info: Microsoft.AspNetCore.Hosting.Diagnostics[2]
      Request finished HTTP/1.1 GET http://localhost:5005/api/state - 200 - application/json;+charset=utf-8 2.3711ms
info: Microsoft.AspNetCore.Hosting.Diagnostics[1]
      Request starting HTTP/1.1 GET http://localhost:5005/api/state - - -
info: Microsoft.AspNetCore.Routing.EndpointMiddleware[0]
      Executing endpoint 'HTTP: GET /api/state'
info: Microsoft.AspNetCore.Http.Result.OkObjectResult[1]
      Setting HTTP status code 200.
info: Microsoft.AspNetCore.Http.Result.OkObjectResult[3]
      Writing value of type '<>f__AnonymousType0`2' as Json.
info: Microsoft.AspNetCore.Routing.EndpointMiddleware[1]
      Executed endpoint 'HTTP: GET /api/state'
info: Microsoft.AspNetCore.Hosting.Diagnostics[2]
      Request finished HTTP/1.1 GET http://localhost:5005/api/state - 200 - application/json;+charset=utf-8 2.7276ms
info: Microsoft.AspNetCore.Hosting.Diagnostics[1]
      Request starting HTTP/1.1 GET http://localhost:5005/api/state - - -
info: Microsoft.AspNetCore.Routing.EndpointMiddleware[0]
      Executing endpoint 'HTTP: GET /api/state'
info: Microsoft.AspNetCore.Http.Result.OkObjectResult[1]
      Setting HTTP status code 200.
info: Microsoft.AspNetCore.Http.Result.OkObjectResult[3]
      Writing value of type '<>f__AnonymousType0`2' as Json.
info: Microsoft.AspNetCore.Routing.EndpointMiddleware[1]
      Executed endpoint 'HTTP: GET /api/state'
info: Microsoft.AspNetCore.Hosting.Diagnostics[2]
      Request finished HTTP/1.1 GET http://localhost:5005/api/state - 200 - application/json;+charset=utf-8 2.3006ms
info: Microsoft.AspNetCore.Hosting.Diagnostics[1]
      Request starting HTTP/1.1 GET http://localhost:5005/api/state - - -
info: Microsoft.AspNetCore.Routing.EndpointMiddleware[0]
      Executing endpoint 'HTTP: GET /api/state'
info: Microsoft.AspNetCore.Http.Result.OkObjectResult[1]
      Setting HTTP status code 200.
info: Microsoft.AspNetCore.Http.Result.OkObjectResult[3]
      Writing value of type '<>f__AnonymousType0`2' as Json.
info: Microsoft.AspNetCore.Routing.EndpointMiddleware[1]
      Executed endpoint 'HTTP: GET /api/state'
info: Microsoft.AspNetCore.Hosting.Diagnostics[2]
      Request finished HTTP/1.1 GET http://localhost:5005/api/state - 200 - application/json;+charset=utf-8 2.2692ms
info: Microsoft.AspNetCore.Hosting.Diagnostics[1]
      Request starting HTTP/1.1 GET http://localhost:5005/api/state - - -
info: Microsoft.AspNetCore.Routing.EndpointMiddleware[0]
      Executing endpoint 'HTTP: GET /api/state'
info: Microsoft.AspNetCore.Http.Result.OkObjectResult[1]
      Setting HTTP status code 200.
info: Microsoft.AspNetCore.Http.Result.OkObjectResult[3]
      Writing value of type '<>f__AnonymousType0`2' as Json.
info: Microsoft.AspNetCore.Routing.EndpointMiddleware[1]
      Executed endpoint 'HTTP: GET /api/state'
info: Microsoft.AspNetCore.Hosting.Diagnostics[2]
      Request finished HTTP/1.1 GET http://localhost:5005/api/state - 200 - application/json;+charset=utf-8 3.2809ms
info: Microsoft.AspNetCore.Hosting.Diagnostics[1]
      Request starting HTTP/1.1 GET http://localhost:5005/api/state - - -
info: Microsoft.AspNetCore.Routing.EndpointMiddleware[0]
      Executing endpoint 'HTTP: GET /api/state'
info: Microsoft.AspNetCore.Http.Result.OkObjectResult[1]
      Setting HTTP status code 200.
info: Microsoft.AspNetCore.Http.Result.OkObjectResult[3]
      Writing value of type '<>f__AnonymousType0`2' as Json.
info: Microsoft.AspNetCore.Routing.EndpointMiddleware[1]
      Executed endpoint 'HTTP: GET /api/state'
info: Microsoft.AspNetCore.Hosting.Diagnostics[2]
      Request finished HTTP/1.1 GET http://localhost:5005/api/state - 200 - application/json;+charset=utf-8 2.3421ms
info: Microsoft.AspNetCore.Hosting.Diagnostics[1]
      Request starting HTTP/1.1 GET http://localhost:5005/api/state - - -
info: Microsoft.AspNetCore.Routing.EndpointMiddleware[0]
      Executing endpoint 'HTTP: GET /api/state'
info: Microsoft.AspNetCore.Http.Result.OkObjectResult[1]
      Setting HTTP status code 200.
info: Microsoft.AspNetCore.Http.Result.OkObjectResult[3]
      Writing value of type '<>f__AnonymousType0`2' as Json.
info: Microsoft.AspNetCore.Routing.EndpointMiddleware[1]
      Executed endpoint 'HTTP: GET /api/state'
info: Microsoft.AspNetCore.Hosting.Diagnostics[2]
      Request finished HTTP/1.1 GET http://localhost:5005/api/state - 200 - application/json;+charset=utf-8 2.7867ms
info: Microsoft.AspNetCore.Hosting.Diagnostics[1]
      Request starting HTTP/1.1 GET http://localhost:5005/api/state - - -
info: Microsoft.AspNetCore.Routing.EndpointMiddleware[0]
      Executing endpoint 'HTTP: GET /api/state'
info: Microsoft.AspNetCore.Http.Result.OkObjectResult[1]
      Setting HTTP status code 200.
info: Microsoft.AspNetCore.Http.Result.OkObjectResult[3]
      Writing value of type '<>f__AnonymousType0`2' as Json.
info: Microsoft.AspNetCore.Routing.EndpointMiddleware[1]
      Executed endpoint 'HTTP: GET /api/state'
info: Microsoft.AspNetCore.Hosting.Diagnostics[2]
      Request finished HTTP/1.1 GET http://localhost:5005/api/state - 200 - application/json;+charset=utf-8 3.3057ms
info: Microsoft.AspNetCore.Hosting.Diagnostics[1]
      Request starting HTTP/1.1 GET http://localhost:5005/api/state - - -
info: Microsoft.AspNetCore.Routing.EndpointMiddleware[0]
      Executing endpoint 'HTTP: GET /api/state'
info: Microsoft.AspNetCore.Http.Result.OkObjectResult[1]
      Setting HTTP status code 200.
info: Microsoft.AspNetCore.Http.Result.OkObjectResult[3]
      Writing value of type '<>f__AnonymousType0`2' as Json.
info: Microsoft.AspNetCore.Routing.EndpointMiddleware[1]
      Executed endpoint 'HTTP: GET /api/state'
info: Microsoft.AspNetCore.Hosting.Diagnostics[2]
      Request finished HTTP/1.1 GET http://localhost:5005/api/state - 200 - application/json;+charset=utf-8 11.0711ms
info: Microsoft.AspNetCore.Hosting.Diagnostics[1]
      Request starting HTTP/1.1 GET http://localhost:5005/api/state - - -
info: Microsoft.AspNetCore.Routing.EndpointMiddleware[0]
      Executing endpoint 'HTTP: GET /api/state'
info: Microsoft.AspNetCore.Http.Result.OkObjectResult[1]
      Setting HTTP status code 200.
info: Microsoft.AspNetCore.Http.Result.OkObjectResult[3]
      Writing value of type '<>f__AnonymousType0`2' as Json.
info: Microsoft.AspNetCore.Routing.EndpointMiddleware[1]
      Executed endpoint 'HTTP: GET /api/state'
info: Microsoft.AspNetCore.Hosting.Diagnostics[2]
      Request finished HTTP/1.1 GET http://localhost:5005/api/state - 200 - application/json;+charset=utf-8 3.1196ms
info: Trading.Strategy.StatusReporterService[0]
      StatusReporterService: Sending report #2 at 05/04/2026 11:25:05...
info: Trading.Strategy.StatusReporterService[0]
      Telegram message sent OK.
info: Trading.Strategy.StatusReporterService[0]
      StatusReporterService: Report #2 sent.
info: Microsoft.AspNetCore.Hosting.Diagnostics[1]
      Request starting HTTP/1.1 GET http://localhost:5005/api/state - - -
info: Microsoft.AspNetCore.Routing.EndpointMiddleware[0]
      Executing endpoint 'HTTP: GET /api/state'
info: Microsoft.AspNetCore.Http.Result.OkObjectResult[1]
      Setting HTTP status code 200.
info: Microsoft.AspNetCore.Http.Result.OkObjectResult[3]
      Writing value of type '<>f__AnonymousType0`2' as Json.
info: Microsoft.AspNetCore.Routing.EndpointMiddleware[1]
      Executed endpoint 'HTTP: GET /api/state'
info: Microsoft.AspNetCore.Hosting.Diagnostics[2]
      Request finished HTTP/1.1 GET http://localhost:5005/api/state - 200 - application/json;+charset=utf-8 4.3880ms
info: Microsoft.AspNetCore.Hosting.Diagnostics[1]
      Request starting HTTP/1.1 GET http://localhost:5005/api/state - - -
info: Microsoft.AspNetCore.Routing.EndpointMiddleware[0]
      Executing endpoint 'HTTP: GET /api/state'
info: Microsoft.AspNetCore.Http.Result.OkObjectResult[1]
      Setting HTTP status code 200.
info: Microsoft.AspNetCore.Http.Result.OkObjectResult[3]
      Writing value of type '<>f__AnonymousType0`2' as Json.
info: Microsoft.AspNetCore.Routing.EndpointMiddleware[1]
      Executed endpoint 'HTTP: GET /api/state'
info: Microsoft.AspNetCore.Hosting.Diagnostics[2]
      Request finished HTTP/1.1 GET http://localhost:5005/api/state - 200 - application/json;+charset=utf-8 1.9320ms
info: Microsoft.AspNetCore.Hosting.Diagnostics[1]
      Request starting HTTP/1.1 GET http://localhost:5005/api/state - - -
info: Microsoft.AspNetCore.Routing.EndpointMiddleware[0]
      Executing endpoint 'HTTP: GET /api/state'
info: Microsoft.AspNetCore.Http.Result.OkObjectResult[1]
      Setting HTTP status code 200.
info: Microsoft.AspNetCore.Http.Result.OkObjectResult[3]
      Writing value of type '<>f__AnonymousType0`2' as Json.
info: Microsoft.AspNetCore.Routing.EndpointMiddleware[1]
      Executed endpoint 'HTTP: GET /api/state'
info: Microsoft.AspNetCore.Hosting.Diagnostics[2]
      Request finished HTTP/1.1 GET http://localhost:5005/api/state - 200 - application/json;+charset=utf-8 2.8590ms
info: Microsoft.AspNetCore.Hosting.Diagnostics[1]
      Request starting HTTP/1.1 GET http://localhost:5005/api/state - - -
info: Microsoft.AspNetCore.Routing.EndpointMiddleware[0]
      Executing endpoint 'HTTP: GET /api/state'
info: Microsoft.AspNetCore.Http.Result.OkObjectResult[1]
      Setting HTTP status code 200.
info: Microsoft.AspNetCore.Http.Result.OkObjectResult[3]
      Writing value of type '<>f__AnonymousType0`2' as Json.
info: Microsoft.AspNetCore.Routing.EndpointMiddleware[1]
      Executed endpoint 'HTTP: GET /api/state'
info: Microsoft.AspNetCore.Hosting.Diagnostics[2]
      Request finished HTTP/1.1 GET http://localhost:5005/api/state - 200 - application/json;+charset=utf-8 8.7165ms
info: Microsoft.AspNetCore.Hosting.Diagnostics[1]
      Request starting HTTP/1.1 GET http://localhost:5005/api/state - - -
info: Microsoft.AspNetCore.Routing.EndpointMiddleware[0]
      Executing endpoint 'HTTP: GET /api/state'
info: Microsoft.AspNetCore.Http.Result.OkObjectResult[1]
      Setting HTTP status code 200.
info: Microsoft.AspNetCore.Http.Result.OkObjectResult[3]
      Writing value of type '<>f__AnonymousType0`2' as Json.
info: Microsoft.AspNetCore.Routing.EndpointMiddleware[1]
      Executed endpoint 'HTTP: GET /api/state'
info: Microsoft.AspNetCore.Hosting.Diagnostics[2]
      Request finished HTTP/1.1 GET http://localhost:5005/api/state - 200 - application/json;+charset=utf-8 19.2196ms
info: Microsoft.AspNetCore.Hosting.Diagnostics[1]
      Request starting HTTP/1.1 GET http://localhost:5005/api/state - - -
info: Microsoft.AspNetCore.Routing.EndpointMiddleware[0]
      Executing endpoint 'HTTP: GET /api/state'
info: Microsoft.AspNetCore.Http.Result.OkObjectResult[1]
      Setting HTTP status code 200.
info: Microsoft.AspNetCore.Http.Result.OkObjectResult[3]
      Writing value of type '<>f__AnonymousType0`2' as Json.
info: Microsoft.AspNetCore.Routing.EndpointMiddleware[1]
      Executed endpoint 'HTTP: GET /api/state'
info: Microsoft.AspNetCore.Hosting.Diagnostics[2]
      Request finished HTTP/1.1 GET http://localhost:5005/api/state - 200 - application/json;+charset=utf-8 2.7273ms
info: Microsoft.AspNetCore.Hosting.Diagnostics[1]
      Request starting HTTP/1.1 GET http://localhost:5005/api/state - - -
info: Microsoft.AspNetCore.Routing.EndpointMiddleware[0]
      Executing endpoint 'HTTP: GET /api/state'
info: Microsoft.AspNetCore.Http.Result.OkObjectResult[1]
      Setting HTTP status code 200.
info: Microsoft.AspNetCore.Http.Result.OkObjectResult[3]
      Writing value of type '<>f__AnonymousType0`2' as Json.
info: Microsoft.AspNetCore.Routing.EndpointMiddleware[1]
      Executed endpoint 'HTTP: GET /api/state'
info: Microsoft.AspNetCore.Hosting.Diagnostics[2]
      Request finished HTTP/1.1 GET http://localhost:5005/api/state - 200 - application/json;+charset=utf-8 4.3142ms
info: Microsoft.AspNetCore.Hosting.Diagnostics[1]
      Request starting HTTP/1.1 GET http://localhost:5005/api/state - - -
info: Microsoft.AspNetCore.Routing.EndpointMiddleware[0]
      Executing endpoint 'HTTP: GET /api/state'
info: Microsoft.AspNetCore.Http.Result.OkObjectResult[1]
      Setting HTTP status code 200.
info: Microsoft.AspNetCore.Http.Result.OkObjectResult[3]
      Writing value of type '<>f__AnonymousType0`2' as Json.
info: Microsoft.AspNetCore.Routing.EndpointMiddleware[1]
      Executed endpoint 'HTTP: GET /api/state'
info: Microsoft.AspNetCore.Hosting.Diagnostics[2]
      Request finished HTTP/1.1 GET http://localhost:5005/api/state - 200 - application/json;+charset=utf-8 5.6754ms
info: Microsoft.AspNetCore.Hosting.Diagnostics[1]
      Request starting HTTP/1.1 GET http://localhost:5005/api/state - - -
info: Microsoft.AspNetCore.Routing.EndpointMiddleware[0]
      Executing endpoint 'HTTP: GET /api/state'
info: Microsoft.AspNetCore.Http.Result.OkObjectResult[1]
      Setting HTTP status code 200.
info: Microsoft.AspNetCore.Http.Result.OkObjectResult[3]
      Writing value of type '<>f__AnonymousType0`2' as Json.
info: Microsoft.AspNetCore.Routing.EndpointMiddleware[1]
      Executed endpoint 'HTTP: GET /api/state'
info: Microsoft.AspNetCore.Hosting.Diagnostics[2]
      Request finished HTTP/1.1 GET http://localhost:5005/api/state - 200 - application/json;+charset=utf-8 3.6841ms
info: Microsoft.AspNetCore.Hosting.Diagnostics[1]
      Request starting HTTP/1.1 GET http://localhost:5005/api/state - - -
info: Microsoft.AspNetCore.Routing.EndpointMiddleware[0]
      Executing endpoint 'HTTP: GET /api/state'
info: Microsoft.AspNetCore.Http.Result.OkObjectResult[1]
      Setting HTTP status code 200.
info: Microsoft.AspNetCore.Http.Result.OkObjectResult[3]
      Writing value of type '<>f__AnonymousType0`2' as Json.
info: Microsoft.AspNetCore.Routing.EndpointMiddleware[1]
      Executed endpoint 'HTTP: GET /api/state'
info: Microsoft.AspNetCore.Hosting.Diagnostics[2]
      Request finished HTTP/1.1 GET http://localhost:5005/api/state - 200 - application/json;+charset=utf-8 4.7278ms
info: Microsoft.AspNetCore.Hosting.Diagnostics[1]
      Request starting HTTP/1.1 GET http://localhost:5005/api/state - - -
info: Microsoft.AspNetCore.Routing.EndpointMiddleware[0]
      Executing endpoint 'HTTP: GET /api/state'
info: Microsoft.AspNetCore.Http.Result.OkObjectResult[1]
      Setting HTTP status code 200.
info: Microsoft.AspNetCore.Http.Result.OkObjectResult[3]
      Writing value of type '<>f__AnonymousType0`2' as Json.
info: Microsoft.AspNetCore.Routing.EndpointMiddleware[1]
      Executed endpoint 'HTTP: GET /api/state'
info: Microsoft.AspNetCore.Hosting.Diagnostics[2]
      Request finished HTTP/1.1 GET http://localhost:5005/api/state - 200 - application/json;+charset=utf-8 2.7532ms
info: Microsoft.AspNetCore.Hosting.Diagnostics[1]
      Request starting HTTP/1.1 GET http://localhost:5005/api/state - - -
info: Microsoft.AspNetCore.Routing.EndpointMiddleware[0]
      Executing endpoint 'HTTP: GET /api/state'
info: Microsoft.AspNetCore.Http.Result.OkObjectResult[1]
      Setting HTTP status code 200.
info: Microsoft.AspNetCore.Http.Result.OkObjectResult[3]
      Writing value of type '<>f__AnonymousType0`2' as Json.
info: Microsoft.AspNetCore.Routing.EndpointMiddleware[1]
      Executed endpoint 'HTTP: GET /api/state'
info: Microsoft.AspNetCore.Hosting.Diagnostics[2]
      Request finished HTTP/1.1 GET http://localhost:5005/api/state - 200 - application/json;+charset=utf-8 4.9169ms
info: Microsoft.AspNetCore.Hosting.Diagnostics[1]
      Request starting HTTP/1.1 GET http://localhost:5005/api/state - - -
info: Microsoft.AspNetCore.Routing.EndpointMiddleware[0]
      Executing endpoint 'HTTP: GET /api/state'
info: Microsoft.AspNetCore.Http.Result.OkObjectResult[1]
      Setting HTTP status code 200.
info: Microsoft.AspNetCore.Http.Result.OkObjectResult[3]
      Writing value of type '<>f__AnonymousType0`2' as Json.
info: Microsoft.AspNetCore.Routing.EndpointMiddleware[1]
      Executed endpoint 'HTTP: GET /api/state'
info: Microsoft.AspNetCore.Hosting.Diagnostics[2]
      Request finished HTTP/1.1 GET http://localhost:5005/api/state - 200 - application/json;+charset=utf-8 3.1581ms
info: Microsoft.AspNetCore.Hosting.Diagnostics[1]
      Request starting HTTP/1.1 GET http://localhost:5005/api/state - - -
info: Microsoft.AspNetCore.Routing.EndpointMiddleware[0]
      Executing endpoint 'HTTP: GET /api/state'
info: Microsoft.AspNetCore.Http.Result.OkObjectResult[1]
      Setting HTTP status code 200.
info: Microsoft.AspNetCore.Http.Result.OkObjectResult[3]
      Writing value of type '<>f__AnonymousType0`2' as Json.
info: Microsoft.AspNetCore.Routing.EndpointMiddleware[1]
      Executed endpoint 'HTTP: GET /api/state'
info: Microsoft.AspNetCore.Hosting.Diagnostics[2]
      Request finished HTTP/1.1 GET http://localhost:5005/api/state - 200 - application/json;+charset=utf-8 2.8014ms
info: Microsoft.AspNetCore.Hosting.Diagnostics[1]
      Request starting HTTP/1.1 GET http://localhost:5005/api/state - - -
info: Microsoft.AspNetCore.Routing.EndpointMiddleware[0]
      Executing endpoint 'HTTP: GET /api/state'
info: Microsoft.AspNetCore.Http.Result.OkObjectResult[1]
      Setting HTTP status code 200.
info: Microsoft.AspNetCore.Http.Result.OkObjectResult[3]
      Writing value of type '<>f__AnonymousType0`2' as Json.
info: Microsoft.AspNetCore.Routing.EndpointMiddleware[1]
      Executed endpoint 'HTTP: GET /api/state'
info: Microsoft.AspNetCore.Hosting.Diagnostics[2]
      Request finished HTTP/1.1 GET http://localhost:5005/api/state - 200 - application/json;+charset=utf-8 2.9898ms
info: Trading.Strategy.StatusReporterService[0]
      StatusReporterService: Sending report #3 at 05/04/2026 11:40:06...
info: Trading.Strategy.StatusReporterService[0]
      Telegram message sent OK.
info: Trading.Strategy.StatusReporterService[0]
      StatusReporterService: Report #3 sent.
info: Microsoft.AspNetCore.Hosting.Diagnostics[1]
      Request starting HTTP/1.1 GET http://localhost:5005/api/state - - -
info: Microsoft.AspNetCore.Routing.EndpointMiddleware[0]
      Executing endpoint 'HTTP: GET /api/state'
info: Microsoft.AspNetCore.Http.Result.OkObjectResult[1]
      Setting HTTP status code 200.
info: Microsoft.AspNetCore.Http.Result.OkObjectResult[3]
      Writing value of type '<>f__AnonymousType0`2' as Json.
info: Microsoft.AspNetCore.Routing.EndpointMiddleware[1]
      Executed endpoint 'HTTP: GET /api/state'
info: Microsoft.AspNetCore.Hosting.Diagnostics[2]
      Request finished HTTP/1.1 GET http://localhost:5005/api/state - 200 - application/json;+charset=utf-8 4.6485ms
info: Microsoft.AspNetCore.Hosting.Diagnostics[1]
      Request starting HTTP/1.1 GET http://localhost:5005/api/state - - -
info: Microsoft.AspNetCore.Routing.EndpointMiddleware[0]
      Executing endpoint 'HTTP: GET /api/state'
info: Microsoft.AspNetCore.Http.Result.OkObjectResult[1]
      Setting HTTP status code 200.
info: Microsoft.AspNetCore.Http.Result.OkObjectResult[3]
      Writing value of type '<>f__AnonymousType0`2' as Json.
info: Microsoft.AspNetCore.Routing.EndpointMiddleware[1]
      Executed endpoint 'HTTP: GET /api/state'
info: Microsoft.AspNetCore.Hosting.Diagnostics[2]
      Request finished HTTP/1.1 GET http://localhost:5005/api/state - 200 - application/json;+charset=utf-8 1.3935ms
info: Microsoft.AspNetCore.Hosting.Diagnostics[1]
      Request starting HTTP/1.1 GET http://localhost:5005/api/state - - -
info: Microsoft.AspNetCore.Routing.EndpointMiddleware[0]
      Executing endpoint 'HTTP: GET /api/state'
info: Microsoft.AspNetCore.Http.Result.OkObjectResult[1]
      Setting HTTP status code 200.
info: Microsoft.AspNetCore.Http.Result.OkObjectResult[3]
      Writing value of type '<>f__AnonymousType0`2' as Json.
info: Microsoft.AspNetCore.Routing.EndpointMiddleware[1]
      Executed endpoint 'HTTP: GET /api/state'
info: Microsoft.AspNetCore.Hosting.Diagnostics[2]
      Request finished HTTP/1.1 GET http://localhost:5005/api/state - 200 - application/json;+charset=utf-8 2.1716ms
info: Microsoft.AspNetCore.Hosting.Diagnostics[1]
      Request starting HTTP/1.1 GET http://localhost:5005/api/state - - -
info: Microsoft.AspNetCore.Routing.EndpointMiddleware[0]
      Executing endpoint 'HTTP: GET /api/state'
info: Microsoft.AspNetCore.Http.Result.OkObjectResult[1]
      Setting HTTP status code 200.
info: Microsoft.AspNetCore.Http.Result.OkObjectResult[3]
      Writing value of type '<>f__AnonymousType0`2' as Json.
info: Microsoft.AspNetCore.Routing.EndpointMiddleware[1]
      Executed endpoint 'HTTP: GET /api/state'
info: Microsoft.AspNetCore.Hosting.Diagnostics[2]
      Request finished HTTP/1.1 GET http://localhost:5005/api/state - 200 - application/json;+charset=utf-8 3.2033ms
info: Microsoft.AspNetCore.Hosting.Diagnostics[1]
      Request starting HTTP/1.1 GET http://localhost:5005/api/state - - -
info: Microsoft.AspNetCore.Routing.EndpointMiddleware[0]
      Executing endpoint 'HTTP: GET /api/state'
info: Microsoft.AspNetCore.Http.Result.OkObjectResult[1]
      Setting HTTP status code 200.
info: Microsoft.AspNetCore.Http.Result.OkObjectResult[3]
      Writing value of type '<>f__AnonymousType0`2' as Json.
info: Microsoft.AspNetCore.Routing.EndpointMiddleware[1]
      Executed endpoint 'HTTP: GET /api/state'
info: Microsoft.AspNetCore.Hosting.Diagnostics[2]
      Request finished HTTP/1.1 GET http://localhost:5005/api/state - 200 - application/json;+charset=utf-8 2.6495ms
