info: Trading.MQ.Services.MQCandlePublisher[0]
      MQCandlePublisher connected to RabbitMQ.
info: Trading.MQ.Services.MQPublisher[0]
      MQPublisher connected to RabbitMQ at localhost:5672
info: Microsoft.Hosting.Lifetime[0]
      Application started. Press Ctrl+C to shut down.
info: Microsoft.Hosting.Lifetime[0]
      Hosting environment: Production
info: Microsoft.Hosting.Lifetime[0]
      Content root path: /Users/Lenovo/Projects/Zerodha_Option_Selling/Zerodha Trading Infra/Trading.Streamer
info: Trading.Streamer.MarketClosingService[0]
      MarketClosingService started. Monitoring for 15:35 IST market close.
info: Trading.KX.Services.EodFlushService[0]
      EodFlushService started. Will flush to KDB+ at 15:30 IST (10:00 UTC) each day.
info: Trading.Streamer.Worker[0]
      === Zerodha Trading Infra starting at 05/08/2026 09:24:23 ===
info: Trading.Zerodha.Services.ZerodhaAuthService[0]
      Cached token is from 05/07/2026 00:00:00 — requires fresh login.
info: Trading.Zerodha.Services.ZerodhaAuthService[0]
      Launching Playwright to automate Zerodha login at https://kite.zerodha.com/connect/login?v=3&api_key=6zfzn8a4x91snnpz
info: Trading.Zerodha.Services.ZerodhaAuthService[0]
      Step 1: Entering User ID...
info: Trading.Zerodha.Services.ZerodhaAuthService[0]
      Step 2: Entering Password...
info: Trading.Zerodha.Services.ZerodhaAuthService[0]
      Step 3: Waiting for TOTP prompt...
info: Trading.Zerodha.Services.ZerodhaAuthService[0]
      Step 4: Injecting TOTP...
info: Trading.Zerodha.Services.ZerodhaAuthService[0]
      Step 5: Waiting for redirect with request_token...
info: Trading.Zerodha.Services.ZerodhaAuthService[0]
      Redirect intercepted: https://127.0.0.1:5000/?action=login&type=login&status=success&request_token=mxET0iKSmqE2ykUbTObG8XhL77YPSLT6
info: Trading.Zerodha.Services.ZerodhaAuthService[0]
      Generating Zerodha access token from request_token...
warn: Trading.Zerodha.Services.ZerodhaAuthService[0]
      Access token written to access_token.json as plaintext. Ensure this file is excluded from source control (.gitignore) and protected by filesystem permissions.
info: Trading.Zerodha.Services.ZerodhaAuthService[0]
      Access token generated and cached to access_token.json
info: Trading.Streamer.Worker[0]
      Zerodha authentication successful.
info: Trading.Zerodha.Services.InstrumentService[0]
      Attempting to load instruments from KDB+ table...
warn: Trading.Zerodha.Services.InstrumentService[0]
      Could not query KDB+ instruments table. Will fall back to Kite API.
      System.Net.Sockets.SocketException (61): Connection refused [::ffff:127.0.0.1]:5001
         at System.Net.Sockets.Socket.DoConnect(EndPoint endPointSnapshot, SocketAddress socketAddress)
         at System.Net.Sockets.Socket.Connect(EndPoint remoteEP)
         at System.Net.Sockets.Socket.Connect(IPAddress[] addresses, Int32 port)
      --- End of stack trace from previous location ---
         at System.Net.Sockets.Socket.Connect(IPAddress[] addresses, Int32 port)
         at System.Net.Sockets.Socket.Connect(String host, Int32 port)
         at System.Net.Sockets.TcpClient.Connect(String hostname, Int32 port)
         at kx.c..ctor(String host, Int32 port, String userPassword, Int32 maxBufferSize, Boolean useTLS)
         at kx.c..ctor(String host, Int32 port)
         at Trading.Zerodha.Services.InstrumentService.TryLoadFromKdb(String exchange) in /Users/Lenovo/Projects/Zerodha_Option_Selling/Zerodha Trading Infra/Trading.Zerodha/Services/InstrumentService.CS:line 69
warn: Trading.Zerodha.Services.InstrumentService[0]
      KDB+ instruments table is empty. Downloading from Kite API...
info: Trading.Zerodha.Services.InstrumentService[0]
      Downloaded 9754 instruments from Kite API. Seeding KDB+...
fail: Trading.Zerodha.Services.InstrumentService[0]
      Failed to seed KDB+ instruments table.
      System.Net.Sockets.SocketException (61): Connection refused [::ffff:127.0.0.1]:5001
         at System.Net.Sockets.Socket.DoConnect(EndPoint endPointSnapshot, SocketAddress socketAddress)
         at System.Net.Sockets.Socket.Connect(EndPoint remoteEP)
         at System.Net.Sockets.Socket.Connect(IPAddress[] addresses, Int32 port)
      --- End of stack trace from previous location ---
         at System.Net.Sockets.Socket.Connect(IPAddress[] addresses, Int32 port)
         at System.Net.Sockets.Socket.Connect(String host, Int32 port)
         at System.Net.Sockets.TcpClient.Connect(String hostname, Int32 port)
         at kx.c..ctor(String host, Int32 port, String userPassword, Int32 maxBufferSize, Boolean useTLS)
         at kx.c..ctor(String host, Int32 port)
         at Trading.Zerodha.Services.InstrumentService.SeedKdb(List`1 instruments) in /Users/Lenovo/Projects/Zerodha_Option_Selling/Zerodha Trading Infra/Trading.Zerodha/Services/InstrumentService.CS:line 141
info: Trading.Zerodha.Services.InstrumentService[0]
      Attempting to load instruments from KDB+ table...
warn: Trading.Zerodha.Services.InstrumentService[0]
      Could not query KDB+ instruments table. Will fall back to Kite API.
      System.Net.Sockets.SocketException (61): Connection refused [::ffff:127.0.0.1]:5001
         at System.Net.Sockets.Socket.DoConnect(EndPoint endPointSnapshot, SocketAddress socketAddress)
         at System.Net.Sockets.Socket.Connect(EndPoint remoteEP)
         at System.Net.Sockets.Socket.Connect(IPAddress[] addresses, Int32 port)
      --- End of stack trace from previous location ---
         at System.Net.Sockets.Socket.Connect(IPAddress[] addresses, Int32 port)
         at System.Net.Sockets.Socket.Connect(String host, Int32 port)
         at System.Net.Sockets.TcpClient.Connect(String hostname, Int32 port)
         at kx.c..ctor(String host, Int32 port, String userPassword, Int32 maxBufferSize, Boolean useTLS)
         at kx.c..ctor(String host, Int32 port)
         at Trading.Zerodha.Services.InstrumentService.TryLoadFromKdb(String exchange) in /Users/Lenovo/Projects/Zerodha_Option_Selling/Zerodha Trading Infra/Trading.Zerodha/Services/InstrumentService.CS:line 69
warn: Trading.Zerodha.Services.InstrumentService[0]
      KDB+ instruments table is empty. Downloading from Kite API...
info: Trading.Zerodha.Services.InstrumentService[0]
      Downloaded 40862 instruments from Kite API. Seeding KDB+...
fail: Trading.Zerodha.Services.InstrumentService[0]
      Failed to seed KDB+ instruments table.
      System.Net.Sockets.SocketException (61): Connection refused [::ffff:127.0.0.1]:5001
         at System.Net.Sockets.Socket.DoConnect(EndPoint endPointSnapshot, SocketAddress socketAddress)
         at System.Net.Sockets.Socket.Connect(EndPoint remoteEP)
         at System.Net.Sockets.Socket.Connect(IPAddress[] addresses, Int32 port)
      --- End of stack trace from previous location ---
         at System.Net.Sockets.Socket.Connect(IPAddress[] addresses, Int32 port)
         at System.Net.Sockets.Socket.Connect(String host, Int32 port)
         at System.Net.Sockets.TcpClient.Connect(String hostname, Int32 port)
         at kx.c..ctor(String host, Int32 port, String userPassword, Int32 maxBufferSize, Boolean useTLS)
         at kx.c..ctor(String host, Int32 port)
         at Trading.Zerodha.Services.InstrumentService.SeedKdb(List`1 instruments) in /Users/Lenovo/Projects/Zerodha_Option_Selling/Zerodha Trading Infra/Trading.Zerodha/Services/InstrumentService.CS:line 141
info: Trading.Streamer.Worker[0]
      Loaded 50616 instruments (NSE + NFO).
info: Trading.Streamer.Worker[0]
      Filtered to 227 strategy-relevant tokens (Spot + Options + FUT).
info: Trading.Streamer.Worker[0]
      Subscribing to 227 instrument tokens.
info: Trading.Streamer.Worker[0]
      Warming up MQ with today's data from KDB+...
info: Trading.KX.Services.KdbBackfillService[0]
      KDB Backfill: Pulling today's candles for NIFTY 50...
fail: Trading.KX.Services.KdbBackfillService[0]
      KDB Backfill: Failed to backfill candles for NIFTY 50
      System.Net.Sockets.SocketException (61): Connection refused [::ffff:127.0.0.1]:5001
         at System.Net.Sockets.Socket.DoConnect(EndPoint endPointSnapshot, SocketAddress socketAddress)
         at System.Net.Sockets.Socket.Connect(EndPoint remoteEP)
         at System.Net.Sockets.Socket.Connect(IPAddress[] addresses, Int32 port)
      --- End of stack trace from previous location ---
         at System.Net.Sockets.Socket.Connect(IPAddress[] addresses, Int32 port)
         at System.Net.Sockets.Socket.Connect(String host, Int32 port)
         at System.Net.Sockets.TcpClient.Connect(String hostname, Int32 port)
         at kx.c..ctor(String host, Int32 port, String userPassword, Int32 maxBufferSize, Boolean useTLS)
         at kx.c..ctor(String host, Int32 port)
         at Trading.KX.Services.KdbBackfillService.<>c__DisplayClass6_0.<BackfillTodayCandlesAsync>b__0() in /Users/Lenovo/Projects/Zerodha_Option_Selling/Zerodha Trading Infra/Trading.KX/Services/KdbBackfillService.cs:line 46
info: Trading.KX.Services.KdbBackfillService[0]
      KDB Backfill: Pulling today's ticks for NIFTY 50...
fail: Trading.KX.Services.KdbBackfillService[0]
      KDB Backfill: Failed to backfill ticks for NIFTY 50
      System.Net.Sockets.SocketException (61): Connection refused [::ffff:127.0.0.1]:5001
         at System.Net.Sockets.Socket.DoConnect(EndPoint endPointSnapshot, SocketAddress socketAddress)
         at System.Net.Sockets.Socket.Connect(EndPoint remoteEP)
         at System.Net.Sockets.Socket.Connect(IPAddress[] addresses, Int32 port)
      --- End of stack trace from previous location ---
         at System.Net.Sockets.Socket.Connect(IPAddress[] addresses, Int32 port)
         at System.Net.Sockets.Socket.Connect(String host, Int32 port)
         at System.Net.Sockets.TcpClient.Connect(String hostname, Int32 port)
         at kx.c..ctor(String host, Int32 port, String userPassword, Int32 maxBufferSize, Boolean useTLS)
         at kx.c..ctor(String host, Int32 port)
         at Trading.KX.Services.KdbBackfillService.<>c__DisplayClass7_0.<BackfillTodayTicksAsync>b__0() in /Users/Lenovo/Projects/Zerodha_Option_Selling/Zerodha Trading Infra/Trading.KX/Services/KdbBackfillService.cs:line 100
info: Trading.KX.Services.KdbBackfillService[0]
      KDB Backfill: Pulling today's candles for BANKNIFTY...
fail: Trading.KX.Services.KdbBackfillService[0]
      KDB Backfill: Failed to backfill candles for BANKNIFTY
      System.Net.Sockets.SocketException (61): Connection refused [::ffff:127.0.0.1]:5001
         at System.Net.Sockets.Socket.DoConnect(EndPoint endPointSnapshot, SocketAddress socketAddress)
         at System.Net.Sockets.Socket.Connect(EndPoint remoteEP)
         at System.Net.Sockets.Socket.Connect(IPAddress[] addresses, Int32 port)
      --- End of stack trace from previous location ---
         at System.Net.Sockets.Socket.Connect(IPAddress[] addresses, Int32 port)
         at System.Net.Sockets.Socket.Connect(String host, Int32 port)
         at System.Net.Sockets.TcpClient.Connect(String hostname, Int32 port)
         at kx.c..ctor(String host, Int32 port, String userPassword, Int32 maxBufferSize, Boolean useTLS)
         at kx.c..ctor(String host, Int32 port)
         at Trading.KX.Services.KdbBackfillService.<>c__DisplayClass6_0.<BackfillTodayCandlesAsync>b__0() in /Users/Lenovo/Projects/Zerodha_Option_Selling/Zerodha Trading Infra/Trading.KX/Services/KdbBackfillService.cs:line 46
info: Trading.KX.Services.KdbBackfillService[0]
      KDB Backfill: Pulling today's ticks for BANKNIFTY...
fail: Trading.KX.Services.KdbBackfillService[0]
      KDB Backfill: Failed to backfill ticks for BANKNIFTY
      System.Net.Sockets.SocketException (61): Connection refused [::ffff:127.0.0.1]:5001
         at System.Net.Sockets.Socket.DoConnect(EndPoint endPointSnapshot, SocketAddress socketAddress)
         at System.Net.Sockets.Socket.Connect(EndPoint remoteEP)
         at System.Net.Sockets.Socket.Connect(IPAddress[] addresses, Int32 port)
      --- End of stack trace from previous location ---
         at System.Net.Sockets.Socket.Connect(IPAddress[] addresses, Int32 port)
         at System.Net.Sockets.Socket.Connect(String host, Int32 port)
         at System.Net.Sockets.TcpClient.Connect(String hostname, Int32 port)
         at kx.c..ctor(String host, Int32 port, String userPassword, Int32 maxBufferSize, Boolean useTLS)
         at kx.c..ctor(String host, Int32 port)
         at Trading.KX.Services.KdbBackfillService.<>c__DisplayClass7_0.<BackfillTodayTicksAsync>b__0() in /Users/Lenovo/Projects/Zerodha_Option_Selling/Zerodha Trading Infra/Trading.KX/Services/KdbBackfillService.cs:line 100
info: Trading.Zerodha.Services.ZerodhaStreamer[0]
      ZerodhaStreamer: connecting with 227 instruments...
info: Trading.Zerodha.Services.ZerodhaStreamer[0]
      ZerodhaStreamer: WebSocket connected. Subscribing to 227 tokens.
info: Trading.Zerodha.Services.ZerodhaStreamer[0]
      Setting mode:quote for 2 indices.
info: Trading.Zerodha.Services.ZerodhaStreamer[0]
      Setting mode:quote for 225 others.
info: Trading.Streamer.Worker[0]
      WebSocket streamer started. Data flowing to RabbitMQ.
info: Trading.Zerodha.Services.ZerodhaStreamer[0]
      ZerodhaStreamer: Broadcasting SystemStatus Heartbeat. Ticks: 1624
info: Trading.Zerodha.Services.ZerodhaStreamer[0]
      ZerodhaStreamer: Broadcasting SystemStatus Heartbeat. Ticks: 3126
info: Trading.Zerodha.Services.ZerodhaStreamer[0]
      ZerodhaStreamer: Broadcasting SystemStatus Heartbeat. Ticks: 4644
info: Trading.Zerodha.Services.ZerodhaStreamer[0]
      ZerodhaStreamer: Broadcasting SystemStatus Heartbeat. Ticks: 6120
info: Trading.Zerodha.Services.ZerodhaStreamer[0]
      ZerodhaStreamer: Broadcasting SystemStatus Heartbeat. Ticks: 7572
info: Trading.Zerodha.Services.ZerodhaStreamer[0]
      ZerodhaStreamer: Broadcasting SystemStatus Heartbeat. Ticks: 9210
info: Trading.Zerodha.Services.ZerodhaStreamer[0]
      ZerodhaStreamer: Broadcasting SystemStatus Heartbeat. Ticks: 10705
info: Trading.Zerodha.Services.ZerodhaStreamer[0]
      ZerodhaStreamer: Broadcasting SystemStatus Heartbeat. Ticks: 12236
info: Trading.Zerodha.Services.ZerodhaStreamer[0]
      ZerodhaStreamer: Broadcasting SystemStatus Heartbeat. Ticks: 13784
info: Trading.Zerodha.Services.ZerodhaStreamer[0]
      ZerodhaStreamer: Broadcasting SystemStatus Heartbeat. Ticks: 15281
info: Trading.Zerodha.Services.ZerodhaStreamer[0]
      ZerodhaStreamer: Broadcasting SystemStatus Heartbeat. Ticks: 16763
info: Trading.Zerodha.Services.ZerodhaStreamer[0]
      ZerodhaStreamer: Broadcasting SystemStatus Heartbeat. Ticks: 18275
info: Trading.Zerodha.Services.ZerodhaStreamer[0]
      ZerodhaStreamer: Broadcasting SystemStatus Heartbeat. Ticks: 19683
info: Trading.Zerodha.Services.ZerodhaStreamer[0]
      ZerodhaStreamer: Broadcasting SystemStatus Heartbeat. Ticks: 21129
info: Trading.Zerodha.Services.ZerodhaStreamer[0]
      ZerodhaStreamer: Broadcasting SystemStatus Heartbeat. Ticks: 22617
info: Trading.Zerodha.Services.ZerodhaStreamer[0]
      ZerodhaStreamer: Broadcasting SystemStatus Heartbeat. Ticks: 24019
info: Trading.Zerodha.Services.ZerodhaStreamer[0]
      ZerodhaStreamer: Broadcasting SystemStatus Heartbeat. Ticks: 25372
info: Trading.Zerodha.Services.ZerodhaStreamer[0]
      ZerodhaStreamer: Broadcasting SystemStatus Heartbeat. Ticks: 26837
fail: Trading.Zerodha.Services.ZerodhaStreamer[0]
      ZerodhaStreamer: WebSocket error: Lost ticker connection.
info: Trading.Zerodha.Services.ZerodhaStreamer[0]
      ZerodhaStreamer: WebSocket connected. Subscribing to 227 tokens.
info: Trading.Zerodha.Services.ZerodhaStreamer[0]
      Setting mode:quote for 2 indices.
info: Trading.Zerodha.Services.ZerodhaStreamer[0]
      Setting mode:quote for 225 others.
info: Trading.Zerodha.Services.ZerodhaStreamer[0]
      ZerodhaStreamer: Broadcasting SystemStatus Heartbeat. Ticks: 27629
fail: Trading.Zerodha.Services.ZerodhaStreamer[0]
      ZerodhaStreamer: WebSocket error: Lost ticker connection.
info: Trading.Zerodha.Services.ZerodhaStreamer[0]
      ZerodhaStreamer: WebSocket connected. Subscribing to 227 tokens.
info: Trading.Zerodha.Services.ZerodhaStreamer[0]
      Setting mode:quote for 2 indices.
info: Trading.Zerodha.Services.ZerodhaStreamer[0]
      Setting mode:quote for 225 others.
info: Trading.Zerodha.Services.ZerodhaStreamer[0]
      ZerodhaStreamer: Broadcasting SystemStatus Heartbeat. Ticks: 28145
fail: Trading.Zerodha.Services.ZerodhaStreamer[0]
      ZerodhaStreamer: WebSocket error: Lost ticker connection.
info: Trading.Zerodha.Services.ZerodhaStreamer[0]
      ZerodhaStreamer: WebSocket connected. Subscribing to 227 tokens.
info: Trading.Zerodha.Services.ZerodhaStreamer[0]
      Setting mode:quote for 2 indices.
info: Trading.Zerodha.Services.ZerodhaStreamer[0]
      Setting mode:quote for 225 others.
info: Trading.Zerodha.Services.ZerodhaStreamer[0]
      ZerodhaStreamer: Broadcasting SystemStatus Heartbeat. Ticks: 37651
fail: Trading.Zerodha.Services.ZerodhaStreamer[0]
      ZerodhaStreamer: WebSocket error: Lost ticker connection.
info: Trading.Zerodha.Services.ZerodhaStreamer[0]
      ZerodhaStreamer: WebSocket connected. Subscribing to 227 tokens.
info: Trading.Zerodha.Services.ZerodhaStreamer[0]
      Setting mode:quote for 2 indices.
info: Trading.Zerodha.Services.ZerodhaStreamer[0]
      Setting mode:quote for 225 others.
info: Trading.Zerodha.Services.ZerodhaStreamer[0]
      ZerodhaStreamer: Broadcasting SystemStatus Heartbeat. Ticks: 38476
fail: Trading.Zerodha.Services.ZerodhaStreamer[0]
      ZerodhaStreamer: WebSocket error: Lost ticker connection.
info: Trading.Zerodha.Services.ZerodhaStreamer[0]
      ZerodhaStreamer: WebSocket connected. Subscribing to 227 tokens.
info: Trading.Zerodha.Services.ZerodhaStreamer[0]
      Setting mode:quote for 2 indices.
info: Trading.Zerodha.Services.ZerodhaStreamer[0]
      Setting mode:quote for 225 others.
info: Trading.Zerodha.Services.ZerodhaStreamer[0]
      ZerodhaStreamer: Broadcasting SystemStatus Heartbeat. Ticks: 38879
fail: Trading.Zerodha.Services.ZerodhaStreamer[0]
      ZerodhaStreamer: WebSocket error: Lost ticker connection.
info: Trading.Zerodha.Services.ZerodhaStreamer[0]
      ZerodhaStreamer: WebSocket connected. Subscribing to 227 tokens.
info: Trading.Zerodha.Services.ZerodhaStreamer[0]
      Setting mode:quote for 2 indices.
info: Trading.Zerodha.Services.ZerodhaStreamer[0]
      Setting mode:quote for 225 others.
info: Trading.Zerodha.Services.ZerodhaStreamer[0]
      ZerodhaStreamer: Broadcasting SystemStatus Heartbeat. Ticks: 39318
fail: Trading.Zerodha.Services.ZerodhaStreamer[0]
      ZerodhaStreamer: WebSocket error: Lost ticker connection.
info: Trading.Zerodha.Services.ZerodhaStreamer[0]
      ZerodhaStreamer: WebSocket connected. Subscribing to 227 tokens.
info: Trading.Zerodha.Services.ZerodhaStreamer[0]
      Setting mode:quote for 2 indices.
info: Trading.Zerodha.Services.ZerodhaStreamer[0]
      Setting mode:quote for 225 others.
info: Trading.Zerodha.Services.ZerodhaStreamer[0]
      ZerodhaStreamer: Broadcasting SystemStatus Heartbeat. Ticks: 40941
info: Trading.Zerodha.Services.ZerodhaStreamer[0]
      ZerodhaStreamer: Broadcasting SystemStatus Heartbeat. Ticks: 42360
info: Trading.Zerodha.Services.ZerodhaStreamer[0]
      ZerodhaStreamer: Broadcasting SystemStatus Heartbeat. Ticks: 46880
fail: Trading.Zerodha.Services.ZerodhaStreamer[0]
      ZerodhaStreamer: WebSocket error: Lost ticker connection.
info: Trading.Zerodha.Services.ZerodhaStreamer[0]
      ZerodhaStreamer: WebSocket connected. Subscribing to 227 tokens.
info: Trading.Zerodha.Services.ZerodhaStreamer[0]
      Setting mode:quote for 2 indices.
info: Trading.Zerodha.Services.ZerodhaStreamer[0]
      Setting mode:quote for 225 others.
fail: Trading.Zerodha.Services.ZerodhaStreamer[0]
      ZerodhaStreamer: WebSocket error: Lost ticker connection.
info: Trading.Zerodha.Services.ZerodhaStreamer[0]
      ZerodhaStreamer: WebSocket connected. Subscribing to 227 tokens.
info: Trading.Zerodha.Services.ZerodhaStreamer[0]
      Setting mode:quote for 2 indices.
info: Trading.Zerodha.Services.ZerodhaStreamer[0]
      Setting mode:quote for 225 others.
info: Trading.Zerodha.Services.ZerodhaStreamer[0]
      ZerodhaStreamer: Broadcasting SystemStatus Heartbeat. Ticks: 47708
info: Trading.Zerodha.Services.ZerodhaStreamer[0]
      ZerodhaStreamer: Broadcasting SystemStatus Heartbeat. Ticks: 52208
info: Trading.KX.Services.EodFlushService[0]
      === PERIODIC FLUSH STARTED at 05/08/2026 09:58:20 IST ===
info: Trading.KX.Services.EodFlushService[0]
      Flushing open candle bars...
info: Trading.KX.Services.EodFlushService[0]
      Draining 52208 ticks to KDB+...
info: Trading.KX.Services.KdbWriter[0]
      KDB+: inserting 52208 ticks...
fail: Trading.KX.Services.KdbWriter[0]
      KDB+: failed to insert tick batch.
      System.Net.Sockets.SocketException (61): Connection refused [::ffff:127.0.0.1]:5001
         at System.Net.Sockets.Socket.DoConnect(EndPoint endPointSnapshot, SocketAddress socketAddress)
         at System.Net.Sockets.Socket.Connect(EndPoint remoteEP)
         at System.Net.Sockets.Socket.Connect(IPAddress[] addresses, Int32 port)
      --- End of stack trace from previous location ---
         at System.Net.Sockets.Socket.Connect(IPAddress[] addresses, Int32 port)
         at System.Net.Sockets.Socket.Connect(String host, Int32 port)
         at System.Net.Sockets.TcpClient.Connect(String hostname, Int32 port)
         at kx.c..ctor(String host, Int32 port, String userPassword, Int32 maxBufferSize, Boolean useTLS)
         at kx.c..ctor(String host, Int32 port)
         at Trading.KX.Services.KdbWriter.InsertTickBatch(List`1 ticks) in /Users/Lenovo/Projects/Zerodha_Option_Selling/Zerodha Trading Infra/Trading.KX/Services/KDBWriter.CS:line 44
info: Trading.KX.Services.EodFlushService[0]
      Draining 6572 candles to KDB+...
info: Trading.KX.Services.KdbWriter[0]
      KDB+: inserting 6572 candles...
fail: Trading.KX.Services.KdbWriter[0]
      KDB+: failed to insert candle batch.
      System.Net.Sockets.SocketException (61): Connection refused [::ffff:127.0.0.1]:5001
         at System.Net.Sockets.Socket.DoConnect(EndPoint endPointSnapshot, SocketAddress socketAddress)
         at System.Net.Sockets.Socket.Connect(EndPoint remoteEP)
         at System.Net.Sockets.Socket.Connect(IPAddress[] addresses, Int32 port)
      --- End of stack trace from previous location ---
         at System.Net.Sockets.Socket.Connect(IPAddress[] addresses, Int32 port)
         at System.Net.Sockets.Socket.Connect(String host, Int32 port)
         at System.Net.Sockets.TcpClient.Connect(String hostname, Int32 port)
         at kx.c..ctor(String host, Int32 port, String userPassword, Int32 maxBufferSize, Boolean useTLS)
         at kx.c..ctor(String host, Int32 port)
         at Trading.KX.Services.KdbWriter.InsertCandleBatch(List`1 candles) in /Users/Lenovo/Projects/Zerodha_Option_Selling/Zerodha Trading Infra/Trading.KX/Services/KDBWriter.CS:line 94
info: Trading.KX.Services.EodFlushService[0]
      === EOD FLUSH COMPLETE: 52208 ticks, 6572 candles written to KDB+ ===
fail: Trading.Zerodha.Services.ZerodhaStreamer[0]
      ZerodhaStreamer: WebSocket error: Lost ticker connection.
info: Trading.Zerodha.Services.ZerodhaStreamer[0]
      ZerodhaStreamer: WebSocket connected. Subscribing to 227 tokens.
info: Trading.Zerodha.Services.ZerodhaStreamer[0]
      Setting mode:quote for 2 indices.
info: Trading.Zerodha.Services.ZerodhaStreamer[0]
      Setting mode:quote for 225 others.
fail: Trading.Zerodha.Services.ZerodhaStreamer[0]
      ZerodhaStreamer: WebSocket error: Lost ticker connection.
info: Trading.Zerodha.Services.ZerodhaStreamer[0]
      ZerodhaStreamer: WebSocket connected. Subscribing to 227 tokens.
info: Trading.Zerodha.Services.ZerodhaStreamer[0]
      Setting mode:quote for 2 indices.
info: Trading.Zerodha.Services.ZerodhaStreamer[0]
      Setting mode:quote for 225 others.
info: Trading.Zerodha.Services.ZerodhaStreamer[0]
      ZerodhaStreamer: Broadcasting SystemStatus Heartbeat. Ticks: 52898
fail: Trading.Zerodha.Services.ZerodhaStreamer[0]
      ZerodhaStreamer: WebSocket error: Lost ticker connection.
info: Trading.Zerodha.Services.ZerodhaStreamer[0]
      ZerodhaStreamer: WebSocket connected. Subscribing to 227 tokens.
info: Trading.Zerodha.Services.ZerodhaStreamer[0]
      Setting mode:quote for 2 indices.
info: Trading.Zerodha.Services.ZerodhaStreamer[0]
      Setting mode:quote for 225 others.
info: Trading.Zerodha.Services.ZerodhaStreamer[0]
      ZerodhaStreamer: Broadcasting SystemStatus Heartbeat. Ticks: 53492
fail: Trading.Zerodha.Services.ZerodhaStreamer[0]
      ZerodhaStreamer: WebSocket error: Lost ticker connection.
info: Trading.Zerodha.Services.ZerodhaStreamer[0]
      ZerodhaStreamer: WebSocket connected. Subscribing to 227 tokens.
info: Trading.Zerodha.Services.ZerodhaStreamer[0]
      Setting mode:quote for 2 indices.
info: Trading.Zerodha.Services.ZerodhaStreamer[0]
      Setting mode:quote for 225 others.
info: Trading.Zerodha.Services.ZerodhaStreamer[0]
      ZerodhaStreamer: Broadcasting SystemStatus Heartbeat. Ticks: 53934
fail: Trading.Zerodha.Services.ZerodhaStreamer[0]
      ZerodhaStreamer: WebSocket error: Lost ticker connection.
info: Trading.Zerodha.Services.ZerodhaStreamer[0]
      ZerodhaStreamer: WebSocket connected. Subscribing to 227 tokens.
info: Trading.Zerodha.Services.ZerodhaStreamer[0]
      Setting mode:quote for 2 indices.
info: Trading.Zerodha.Services.ZerodhaStreamer[0]
      Setting mode:quote for 225 others.
info: Trading.Zerodha.Services.ZerodhaStreamer[0]
      ZerodhaStreamer: Broadcasting SystemStatus Heartbeat. Ticks: 58873
info: Trading.Zerodha.Services.ZerodhaStreamer[0]
      ZerodhaStreamer: Broadcasting SystemStatus Heartbeat. Ticks: 63264
fail: Trading.Zerodha.Services.ZerodhaStreamer[0]
      ZerodhaStreamer: WebSocket error: Lost ticker connection.
info: Trading.Zerodha.Services.ZerodhaStreamer[0]
      ZerodhaStreamer: WebSocket connected. Subscribing to 227 tokens.
info: Trading.Zerodha.Services.ZerodhaStreamer[0]
      Setting mode:quote for 2 indices.
info: Trading.Zerodha.Services.ZerodhaStreamer[0]
      Setting mode:quote for 225 others.
info: Trading.Zerodha.Services.ZerodhaStreamer[0]
      ZerodhaStreamer: Broadcasting SystemStatus Heartbeat. Ticks: 63738
fail: Trading.Zerodha.Services.ZerodhaStreamer[0]
      ZerodhaStreamer: WebSocket error: Lost ticker connection.
info: Trading.Zerodha.Services.ZerodhaStreamer[0]
      ZerodhaStreamer: WebSocket connected. Subscribing to 227 tokens.
info: Trading.Zerodha.Services.ZerodhaStreamer[0]
      Setting mode:quote for 2 indices.
info: Trading.Zerodha.Services.ZerodhaStreamer[0]
      Setting mode:quote for 225 others.
info: Trading.Zerodha.Services.ZerodhaStreamer[0]
      ZerodhaStreamer: Broadcasting SystemStatus Heartbeat. Ticks: 68520
fail: Trading.Zerodha.Services.ZerodhaStreamer[0]
      ZerodhaStreamer: WebSocket error: Lost ticker connection.
info: Trading.Zerodha.Services.ZerodhaStreamer[0]
      ZerodhaStreamer: WebSocket connected. Subscribing to 227 tokens.
info: Trading.Zerodha.Services.ZerodhaStreamer[0]
      Setting mode:quote for 2 indices.
info: Trading.Zerodha.Services.ZerodhaStreamer[0]
      Setting mode:quote for 225 others.
info: Trading.Zerodha.Services.ZerodhaStreamer[0]
      ZerodhaStreamer: Broadcasting SystemStatus Heartbeat. Ticks: 70164
info: Trading.Zerodha.Services.ZerodhaStreamer[0]
      ZerodhaStreamer: Broadcasting SystemStatus Heartbeat. Ticks: 77092
info: Trading.Zerodha.Services.ZerodhaStreamer[0]
      ZerodhaStreamer: Broadcasting SystemStatus Heartbeat. Ticks: 81366
fail: Trading.Zerodha.Services.ZerodhaStreamer[0]
      ZerodhaStreamer: WebSocket error: Lost ticker connection.
info: Trading.Zerodha.Services.ZerodhaStreamer[0]
      ZerodhaStreamer: WebSocket connected. Subscribing to 227 tokens.
info: Trading.Zerodha.Services.ZerodhaStreamer[0]
      Setting mode:quote for 2 indices.
info: Trading.Zerodha.Services.ZerodhaStreamer[0]
      Setting mode:quote for 225 others.
info: Trading.Zerodha.Services.ZerodhaStreamer[0]
      ZerodhaStreamer: Broadcasting SystemStatus Heartbeat. Ticks: 85748
fail: Trading.Zerodha.Services.ZerodhaStreamer[0]
      ZerodhaStreamer: WebSocket error: Lost ticker connection.
info: Trading.Zerodha.Services.ZerodhaStreamer[0]
      ZerodhaStreamer: WebSocket connected. Subscribing to 227 tokens.
info: Trading.Zerodha.Services.ZerodhaStreamer[0]
      Setting mode:quote for 2 indices.
info: Trading.Zerodha.Services.ZerodhaStreamer[0]
      Setting mode:quote for 225 others.
info: Trading.Zerodha.Services.ZerodhaStreamer[0]
      ZerodhaStreamer: Broadcasting SystemStatus Heartbeat. Ticks: 86009
info: Trading.Zerodha.Services.ZerodhaStreamer[0]
      ZerodhaStreamer: Broadcasting SystemStatus Heartbeat. Ticks: 89757
fail: Trading.Zerodha.Services.ZerodhaStreamer[0]
      ZerodhaStreamer: WebSocket error: Lost ticker connection.
info: Trading.Zerodha.Services.ZerodhaStreamer[0]
      ZerodhaStreamer: WebSocket connected. Subscribing to 227 tokens.
info: Trading.Zerodha.Services.ZerodhaStreamer[0]
      Setting mode:quote for 2 indices.
info: Trading.Zerodha.Services.ZerodhaStreamer[0]
      Setting mode:quote for 225 others.
fail: Trading.Zerodha.Services.ZerodhaStreamer[0]
      ZerodhaStreamer: WebSocket error: Lost ticker connection.
info: Trading.Zerodha.Services.ZerodhaStreamer[0]
      ZerodhaStreamer: WebSocket connected. Subscribing to 227 tokens.
info: Trading.Zerodha.Services.ZerodhaStreamer[0]
      Setting mode:quote for 2 indices.
info: Trading.Zerodha.Services.ZerodhaStreamer[0]
      Setting mode:quote for 225 others.
info: Trading.Zerodha.Services.ZerodhaStreamer[0]
      ZerodhaStreamer: Broadcasting SystemStatus Heartbeat. Ticks: 90641
info: Trading.Zerodha.Services.ZerodhaStreamer[0]
      ZerodhaStreamer: Broadcasting SystemStatus Heartbeat. Ticks: 94595
fail: Trading.Zerodha.Services.ZerodhaStreamer[0]
      ZerodhaStreamer: WebSocket error: Lost ticker connection.
info: Trading.Zerodha.Services.ZerodhaStreamer[0]
      ZerodhaStreamer: WebSocket connected. Subscribing to 227 tokens.
info: Trading.Zerodha.Services.ZerodhaStreamer[0]
      Setting mode:quote for 2 indices.
info: Trading.Zerodha.Services.ZerodhaStreamer[0]
      Setting mode:quote for 225 others.
info: Trading.Zerodha.Services.ZerodhaStreamer[0]
      ZerodhaStreamer: Broadcasting SystemStatus Heartbeat. Ticks: 96004
fail: Trading.Zerodha.Services.ZerodhaStreamer[0]
      ZerodhaStreamer: WebSocket error: Lost ticker connection.
info: Trading.Zerodha.Services.ZerodhaStreamer[0]
      ZerodhaStreamer: WebSocket connected. Subscribing to 227 tokens.
info: Trading.Zerodha.Services.ZerodhaStreamer[0]
      Setting mode:quote for 2 indices.
info: Trading.Zerodha.Services.ZerodhaStreamer[0]
      Setting mode:quote for 225 others.
info: Trading.Zerodha.Services.ZerodhaStreamer[0]
      ZerodhaStreamer: Broadcasting SystemStatus Heartbeat. Ticks: 96759
fail: Trading.Zerodha.Services.ZerodhaStreamer[0]
      ZerodhaStreamer: WebSocket error: Lost ticker connection.
info: Trading.Zerodha.Services.ZerodhaStreamer[0]
      ZerodhaStreamer: WebSocket connected. Subscribing to 227 tokens.
info: Trading.Zerodha.Services.ZerodhaStreamer[0]
      Setting mode:quote for 2 indices.
info: Trading.Zerodha.Services.ZerodhaStreamer[0]
      Setting mode:quote for 225 others.
info: Trading.Zerodha.Services.ZerodhaStreamer[0]
      ZerodhaStreamer: Broadcasting SystemStatus Heartbeat. Ticks: 97523
info: Trading.Zerodha.Services.ZerodhaStreamer[0]
      ZerodhaStreamer: Broadcasting SystemStatus Heartbeat. Ticks: 102005
fail: Trading.Zerodha.Services.ZerodhaStreamer[0]
      ZerodhaStreamer: WebSocket error: Lost ticker connection.
info: Trading.Zerodha.Services.ZerodhaStreamer[0]
      ZerodhaStreamer: WebSocket connected. Subscribing to 227 tokens.
info: Trading.Zerodha.Services.ZerodhaStreamer[0]
      Setting mode:quote for 2 indices.
info: Trading.Zerodha.Services.ZerodhaStreamer[0]
      Setting mode:quote for 225 others.
info: Trading.Zerodha.Services.ZerodhaStreamer[0]
      ZerodhaStreamer: Broadcasting SystemStatus Heartbeat. Ticks: 102403
fail: Trading.Zerodha.Services.ZerodhaStreamer[0]
      ZerodhaStreamer: WebSocket error: Lost ticker connection.
info: Trading.Zerodha.Services.ZerodhaStreamer[0]
      ZerodhaStreamer: WebSocket connected. Subscribing to 227 tokens.
info: Trading.Zerodha.Services.ZerodhaStreamer[0]
      Setting mode:quote for 2 indices.
info: Trading.Zerodha.Services.ZerodhaStreamer[0]
      Setting mode:quote for 225 others.
fail: Trading.Zerodha.Services.ZerodhaStreamer[0]
      ZerodhaStreamer: WebSocket error: Lost ticker connection.
info: Trading.Zerodha.Services.ZerodhaStreamer[0]
      ZerodhaStreamer: WebSocket connected. Subscribing to 227 tokens.
info: Trading.Zerodha.Services.ZerodhaStreamer[0]
      Setting mode:quote for 2 indices.
info: Trading.Zerodha.Services.ZerodhaStreamer[0]
      Setting mode:quote for 225 others.
info: Trading.Zerodha.Services.ZerodhaStreamer[0]
      ZerodhaStreamer: Broadcasting SystemStatus Heartbeat. Ticks: 103117
fail: Trading.Zerodha.Services.ZerodhaStreamer[0]
      ZerodhaStreamer: WebSocket error: Lost ticker connection.
info: Trading.Zerodha.Services.ZerodhaStreamer[0]
      ZerodhaStreamer: WebSocket connected. Subscribing to 227 tokens.
info: Trading.Zerodha.Services.ZerodhaStreamer[0]
      Setting mode:quote for 2 indices.
info: Trading.Zerodha.Services.ZerodhaStreamer[0]
      Setting mode:quote for 225 others.
info: Trading.Zerodha.Services.ZerodhaStreamer[0]
      ZerodhaStreamer: Broadcasting SystemStatus Heartbeat. Ticks: 103800
fail: Trading.Zerodha.Services.ZerodhaStreamer[0]
      ZerodhaStreamer: WebSocket error: Lost ticker connection.
info: Trading.Zerodha.Services.ZerodhaStreamer[0]
      ZerodhaStreamer: WebSocket connected. Subscribing to 227 tokens.
info: Trading.Zerodha.Services.ZerodhaStreamer[0]
      Setting mode:quote for 2 indices.
info: Trading.Zerodha.Services.ZerodhaStreamer[0]
      Setting mode:quote for 225 others.
info: Trading.Zerodha.Services.ZerodhaStreamer[0]
      ZerodhaStreamer: Broadcasting SystemStatus Heartbeat. Ticks: 104574
fail: Trading.Zerodha.Services.ZerodhaStreamer[0]
      ZerodhaStreamer: WebSocket error: Lost ticker connection.
info: Trading.Zerodha.Services.ZerodhaStreamer[0]
      ZerodhaStreamer: WebSocket connected. Subscribing to 227 tokens.
info: Trading.Zerodha.Services.ZerodhaStreamer[0]
      Setting mode:quote for 2 indices.
info: Trading.Zerodha.Services.ZerodhaStreamer[0]
      Setting mode:quote for 225 others.
info: Trading.Zerodha.Services.ZerodhaStreamer[0]
      ZerodhaStreamer: Broadcasting SystemStatus Heartbeat. Ticks: 105072
fail: Trading.Zerodha.Services.ZerodhaStreamer[0]
      ZerodhaStreamer: WebSocket error: Lost ticker connection.
info: Trading.Zerodha.Services.ZerodhaStreamer[0]
      ZerodhaStreamer: WebSocket connected. Subscribing to 227 tokens.
info: Trading.Zerodha.Services.ZerodhaStreamer[0]
      Setting mode:quote for 2 indices.
info: Trading.Zerodha.Services.ZerodhaStreamer[0]
      Setting mode:quote for 225 others.
info: Trading.Zerodha.Services.ZerodhaStreamer[0]
      ZerodhaStreamer: Broadcasting SystemStatus Heartbeat. Ticks: 105472
fail: Trading.Zerodha.Services.ZerodhaStreamer[0]
      ZerodhaStreamer: WebSocket error: Lost ticker connection.
info: Trading.Zerodha.Services.ZerodhaStreamer[0]
      ZerodhaStreamer: WebSocket connected. Subscribing to 227 tokens.
info: Trading.Zerodha.Services.ZerodhaStreamer[0]
      Setting mode:quote for 2 indices.
info: Trading.Zerodha.Services.ZerodhaStreamer[0]
      Setting mode:quote for 225 others.
fail: Trading.Zerodha.Services.ZerodhaStreamer[0]
      ZerodhaStreamer: WebSocket error: Lost ticker connection.
info: Trading.Zerodha.Services.ZerodhaStreamer[0]
      ZerodhaStreamer: WebSocket connected. Subscribing to 227 tokens.
info: Trading.Zerodha.Services.ZerodhaStreamer[0]
      Setting mode:quote for 2 indices.
info: Trading.Zerodha.Services.ZerodhaStreamer[0]
      Setting mode:quote for 225 others.
info: Trading.Zerodha.Services.ZerodhaStreamer[0]
      ZerodhaStreamer: Broadcasting SystemStatus Heartbeat. Ticks: 106194
info: Trading.Zerodha.Services.ZerodhaStreamer[0]
      ZerodhaStreamer: Broadcasting SystemStatus Heartbeat. Ticks: 106904
fail: Trading.Zerodha.Services.ZerodhaStreamer[0]
      ZerodhaStreamer: WebSocket error: Lost ticker connection.
info: Trading.Zerodha.Services.ZerodhaStreamer[0]
      ZerodhaStreamer: WebSocket connected. Subscribing to 227 tokens.
info: Trading.Zerodha.Services.ZerodhaStreamer[0]
      Setting mode:quote for 2 indices.
info: Trading.Zerodha.Services.ZerodhaStreamer[0]
      Setting mode:quote for 225 others.
fail: Trading.Zerodha.Services.ZerodhaStreamer[0]
      ZerodhaStreamer: WebSocket error: Lost ticker connection.
info: Trading.Zerodha.Services.ZerodhaStreamer[0]
      ZerodhaStreamer: WebSocket connected. Subscribing to 227 tokens.
info: Trading.Zerodha.Services.ZerodhaStreamer[0]
      Setting mode:quote for 2 indices.
info: Trading.Zerodha.Services.ZerodhaStreamer[0]
      Setting mode:quote for 225 others.
info: Trading.Zerodha.Services.ZerodhaStreamer[0]
      ZerodhaStreamer: Broadcasting SystemStatus Heartbeat. Ticks: 107613
fail: Trading.Zerodha.Services.ZerodhaStreamer[0]
      ZerodhaStreamer: WebSocket error: Lost ticker connection.
info: Trading.Zerodha.Services.ZerodhaStreamer[0]
      ZerodhaStreamer: WebSocket connected. Subscribing to 227 tokens.
info: Trading.Zerodha.Services.ZerodhaStreamer[0]
      Setting mode:quote for 2 indices.
info: Trading.Zerodha.Services.ZerodhaStreamer[0]
      Setting mode:quote for 225 others.
info: Trading.Zerodha.Services.ZerodhaStreamer[0]
      ZerodhaStreamer: Broadcasting SystemStatus Heartbeat. Ticks: 108038
fail: Trading.Zerodha.Services.ZerodhaStreamer[0]
      ZerodhaStreamer: WebSocket error: Lost ticker connection.
info: Trading.Zerodha.Services.ZerodhaStreamer[0]
      ZerodhaStreamer: WebSocket connected. Subscribing to 227 tokens.
info: Trading.Zerodha.Services.ZerodhaStreamer[0]
      Setting mode:quote for 2 indices.
info: Trading.Zerodha.Services.ZerodhaStreamer[0]
      Setting mode:quote for 225 others.
info: Trading.Zerodha.Services.ZerodhaStreamer[0]
      ZerodhaStreamer: Broadcasting SystemStatus Heartbeat. Ticks: 112298
info: Trading.KX.Services.EodFlushService[0]
      === PERIODIC FLUSH STARTED at 05/08/2026 12:22:14 IST ===
info: Trading.KX.Services.EodFlushService[0]
      Flushing open candle bars...
info: Trading.KX.Services.EodFlushService[0]
      Draining 60418 ticks to KDB+...
info: Trading.KX.Services.KdbWriter[0]
      KDB+: inserting 60418 ticks...
fail: Trading.KX.Services.KdbWriter[0]
      KDB+: failed to insert tick batch.
      System.Net.Sockets.SocketException (61): Connection refused [::ffff:127.0.0.1]:5001
         at System.Net.Sockets.Socket.DoConnect(EndPoint endPointSnapshot, SocketAddress socketAddress)
         at System.Net.Sockets.Socket.Connect(EndPoint remoteEP)
         at System.Net.Sockets.Socket.Connect(IPAddress[] addresses, Int32 port)
      --- End of stack trace from previous location ---
         at System.Net.Sockets.Socket.Connect(IPAddress[] addresses, Int32 port)
         at System.Net.Sockets.Socket.Connect(String host, Int32 port)
         at System.Net.Sockets.TcpClient.Connect(String hostname, Int32 port)
         at kx.c..ctor(String host, Int32 port, String userPassword, Int32 maxBufferSize, Boolean useTLS)
         at kx.c..ctor(String host, Int32 port)
         at Trading.KX.Services.KdbWriter.InsertTickBatch(List`1 ticks) in /Users/Lenovo/Projects/Zerodha_Option_Selling/Zerodha Trading Infra/Trading.KX/Services/KDBWriter.CS:line 44
info: Trading.KX.Services.EodFlushService[0]
      Draining 13838 candles to KDB+...
info: Trading.KX.Services.KdbWriter[0]
      KDB+: inserting 13838 candles...
fail: Trading.KX.Services.KdbWriter[0]
      KDB+: failed to insert candle batch.
      System.Net.Sockets.SocketException (61): Connection refused [::ffff:127.0.0.1]:5001
         at System.Net.Sockets.Socket.DoConnect(EndPoint endPointSnapshot, SocketAddress socketAddress)
         at System.Net.Sockets.Socket.Connect(EndPoint remoteEP)
         at System.Net.Sockets.Socket.Connect(IPAddress[] addresses, Int32 port)
      --- End of stack trace from previous location ---
         at System.Net.Sockets.Socket.Connect(IPAddress[] addresses, Int32 port)
         at System.Net.Sockets.Socket.Connect(String host, Int32 port)
         at System.Net.Sockets.TcpClient.Connect(String hostname, Int32 port)
         at kx.c..ctor(String host, Int32 port, String userPassword, Int32 maxBufferSize, Boolean useTLS)
         at kx.c..ctor(String host, Int32 port)
         at Trading.KX.Services.KdbWriter.InsertCandleBatch(List`1 candles) in /Users/Lenovo/Projects/Zerodha_Option_Selling/Zerodha Trading Infra/Trading.KX/Services/KDBWriter.CS:line 94
info: Trading.KX.Services.EodFlushService[0]
      === EOD FLUSH COMPLETE: 60418 ticks, 13838 candles written to KDB+ ===
fail: Trading.Zerodha.Services.ZerodhaStreamer[0]
      ZerodhaStreamer: WebSocket error: Lost ticker connection.
info: Trading.Zerodha.Services.ZerodhaStreamer[0]
      ZerodhaStreamer: WebSocket connected. Subscribing to 227 tokens.
info: Trading.Zerodha.Services.ZerodhaStreamer[0]
      Setting mode:quote for 2 indices.
info: Trading.Zerodha.Services.ZerodhaStreamer[0]
      Setting mode:quote for 225 others.
info: Trading.Zerodha.Services.ZerodhaStreamer[0]
      ZerodhaStreamer: Broadcasting SystemStatus Heartbeat. Ticks: 113188
fail: Trading.Zerodha.Services.ZerodhaStreamer[0]
      ZerodhaStreamer: WebSocket error: Lost ticker connection.
info: Trading.Zerodha.Services.ZerodhaStreamer[0]
      ZerodhaStreamer: WebSocket connected. Subscribing to 227 tokens.
info: Trading.Zerodha.Services.ZerodhaStreamer[0]
      Setting mode:quote for 2 indices.
info: Trading.Zerodha.Services.ZerodhaStreamer[0]
      Setting mode:quote for 225 others.
info: Trading.Zerodha.Services.ZerodhaStreamer[0]
      ZerodhaStreamer: Broadcasting SystemStatus Heartbeat. Ticks: 113609
fail: Trading.Zerodha.Services.ZerodhaStreamer[0]
      ZerodhaStreamer: WebSocket error: Lost ticker connection.
info: Trading.Zerodha.Services.ZerodhaStreamer[0]
      ZerodhaStreamer: WebSocket connected. Subscribing to 227 tokens.
info: Trading.Zerodha.Services.ZerodhaStreamer[0]
      Setting mode:quote for 2 indices.
info: Trading.Zerodha.Services.ZerodhaStreamer[0]
      Setting mode:quote for 225 others.
fail: Trading.Zerodha.Services.ZerodhaStreamer[0]
      ZerodhaStreamer: WebSocket error: Lost ticker connection.
info: Trading.Zerodha.Services.ZerodhaStreamer[0]
      ZerodhaStreamer: WebSocket connected. Subscribing to 227 tokens.
info: Trading.Zerodha.Services.ZerodhaStreamer[0]
      Setting mode:quote for 2 indices.
info: Trading.Zerodha.Services.ZerodhaStreamer[0]
      Setting mode:quote for 225 others.
info: Trading.Zerodha.Services.ZerodhaStreamer[0]
      ZerodhaStreamer: Broadcasting SystemStatus Heartbeat. Ticks: 114215
info: Trading.Zerodha.Services.ZerodhaStreamer[0]
      ZerodhaStreamer: Broadcasting SystemStatus Heartbeat. Ticks: 115476
info: Trading.Zerodha.Services.ZerodhaStreamer[0]
      ZerodhaStreamer: Broadcasting SystemStatus Heartbeat. Ticks: 116704
fail: Trading.Zerodha.Services.ZerodhaStreamer[0]
      ZerodhaStreamer: WebSocket error: Lost ticker connection.
info: Trading.Zerodha.Services.ZerodhaStreamer[0]
      ZerodhaStreamer: WebSocket connected. Subscribing to 227 tokens.
info: Trading.Zerodha.Services.ZerodhaStreamer[0]
      Setting mode:quote for 2 indices.
info: Trading.Zerodha.Services.ZerodhaStreamer[0]
      Setting mode:quote for 225 others.
info: Trading.Zerodha.Services.ZerodhaStreamer[0]
      ZerodhaStreamer: Broadcasting SystemStatus Heartbeat. Ticks: 116961
fail: Trading.Zerodha.Services.ZerodhaStreamer[0]
      ZerodhaStreamer: WebSocket error: Lost ticker connection.
info: Trading.Zerodha.Services.ZerodhaStreamer[0]
      ZerodhaStreamer: WebSocket connected. Subscribing to 227 tokens.
info: Trading.Zerodha.Services.ZerodhaStreamer[0]
      Setting mode:quote for 2 indices.
info: Trading.Zerodha.Services.ZerodhaStreamer[0]
      Setting mode:quote for 225 others.
info: Trading.Zerodha.Services.ZerodhaStreamer[0]
      ZerodhaStreamer: Broadcasting SystemStatus Heartbeat. Ticks: 121520
fail: Trading.Zerodha.Services.ZerodhaStreamer[0]
      ZerodhaStreamer: WebSocket error: Lost ticker connection.
info: Trading.Zerodha.Services.ZerodhaStreamer[0]
      ZerodhaStreamer: WebSocket connected. Subscribing to 227 tokens.
info: Trading.Zerodha.Services.ZerodhaStreamer[0]
      Setting mode:quote for 2 indices.
info: Trading.Zerodha.Services.ZerodhaStreamer[0]
      Setting mode:quote for 225 others.
info: Trading.Zerodha.Services.ZerodhaStreamer[0]
      ZerodhaStreamer: Broadcasting SystemStatus Heartbeat. Ticks: 122037
fail: Trading.Zerodha.Services.ZerodhaStreamer[0]
      ZerodhaStreamer: WebSocket error: Lost ticker connection.
info: Trading.Zerodha.Services.ZerodhaStreamer[0]
      ZerodhaStreamer: WebSocket connected. Subscribing to 227 tokens.
info: Trading.Zerodha.Services.ZerodhaStreamer[0]
      Setting mode:quote for 2 indices.
info: Trading.Zerodha.Services.ZerodhaStreamer[0]
      Setting mode:quote for 225 others.
fail: Trading.Zerodha.Services.ZerodhaStreamer[0]
      ZerodhaStreamer: WebSocket error: Lost ticker connection.
info: Trading.Zerodha.Services.ZerodhaStreamer[0]
      ZerodhaStreamer: WebSocket connected. Subscribing to 227 tokens.
info: Trading.Zerodha.Services.ZerodhaStreamer[0]
      Setting mode:quote for 2 indices.
info: Trading.Zerodha.Services.ZerodhaStreamer[0]
      Setting mode:quote for 225 others.
info: Trading.Zerodha.Services.ZerodhaStreamer[0]
      ZerodhaStreamer: Broadcasting SystemStatus Heartbeat. Ticks: 122636
fail: Trading.Zerodha.Services.ZerodhaStreamer[0]
      ZerodhaStreamer: WebSocket error: Lost ticker connection.
info: Trading.Zerodha.Services.ZerodhaStreamer[0]
      ZerodhaStreamer: WebSocket connected. Subscribing to 227 tokens.
info: Trading.Zerodha.Services.ZerodhaStreamer[0]
      Setting mode:quote for 2 indices.
info: Trading.Zerodha.Services.ZerodhaStreamer[0]
      Setting mode:quote for 225 others.
info: Trading.Zerodha.Services.ZerodhaStreamer[0]
      ZerodhaStreamer: Broadcasting SystemStatus Heartbeat. Ticks: 123333
fail: Trading.Zerodha.Services.ZerodhaStreamer[0]
      ZerodhaStreamer: WebSocket error: Lost ticker connection.
info: Trading.Zerodha.Services.ZerodhaStreamer[0]
      ZerodhaStreamer: WebSocket connected. Subscribing to 227 tokens.
info: Trading.Zerodha.Services.ZerodhaStreamer[0]
      Setting mode:quote for 2 indices.
info: Trading.Zerodha.Services.ZerodhaStreamer[0]
      Setting mode:quote for 225 others.
info: Trading.Zerodha.Services.ZerodhaStreamer[0]
      ZerodhaStreamer: Broadcasting SystemStatus Heartbeat. Ticks: 123900
fail: Trading.Zerodha.Services.ZerodhaStreamer[0]
      ZerodhaStreamer: WebSocket error: Lost ticker connection.
info: Trading.Zerodha.Services.ZerodhaStreamer[0]
      ZerodhaStreamer: WebSocket connected. Subscribing to 227 tokens.
info: Trading.Zerodha.Services.ZerodhaStreamer[0]
      Setting mode:quote for 2 indices.
info: Trading.Zerodha.Services.ZerodhaStreamer[0]
      Setting mode:quote for 225 others.
info: Trading.Zerodha.Services.ZerodhaStreamer[0]
      ZerodhaStreamer: Broadcasting SystemStatus Heartbeat. Ticks: 124685
fail: Trading.Zerodha.Services.ZerodhaStreamer[0]
      ZerodhaStreamer: WebSocket error: Lost ticker connection.
info: Trading.Zerodha.Services.ZerodhaStreamer[0]
      ZerodhaStreamer: WebSocket connected. Subscribing to 227 tokens.
info: Trading.Zerodha.Services.ZerodhaStreamer[0]
      Setting mode:quote for 2 indices.
info: Trading.Zerodha.Services.ZerodhaStreamer[0]
      Setting mode:quote for 225 others.
info: Trading.Zerodha.Services.ZerodhaStreamer[0]
      ZerodhaStreamer: Broadcasting SystemStatus Heartbeat. Ticks: 125059
fail: Trading.Zerodha.Services.ZerodhaStreamer[0]
      ZerodhaStreamer: WebSocket error: Lost ticker connection.
info: Trading.Zerodha.Services.ZerodhaStreamer[0]
      ZerodhaStreamer: WebSocket connected. Subscribing to 227 tokens.
info: Trading.Zerodha.Services.ZerodhaStreamer[0]
      Setting mode:quote for 2 indices.
info: Trading.Zerodha.Services.ZerodhaStreamer[0]
      Setting mode:quote for 225 others.
fail: Trading.Zerodha.Services.ZerodhaStreamer[0]
      ZerodhaStreamer: WebSocket error: Lost ticker connection.
info: Trading.Zerodha.Services.ZerodhaStreamer[0]
      ZerodhaStreamer: WebSocket connected. Subscribing to 227 tokens.
info: Trading.Zerodha.Services.ZerodhaStreamer[0]
      Setting mode:quote for 2 indices.
info: Trading.Zerodha.Services.ZerodhaStreamer[0]
      Setting mode:quote for 225 others.
info: Trading.Zerodha.Services.ZerodhaStreamer[0]
      ZerodhaStreamer: Broadcasting SystemStatus Heartbeat. Ticks: 125711
fail: Trading.Zerodha.Services.ZerodhaStreamer[0]
      ZerodhaStreamer: WebSocket error: Lost ticker connection.
info: Trading.Zerodha.Services.ZerodhaStreamer[0]
      ZerodhaStreamer: WebSocket connected. Subscribing to 227 tokens.
info: Trading.Zerodha.Services.ZerodhaStreamer[0]
      Setting mode:quote for 2 indices.
info: Trading.Zerodha.Services.ZerodhaStreamer[0]
      Setting mode:quote for 225 others.
info: Trading.Zerodha.Services.ZerodhaStreamer[0]
      ZerodhaStreamer: Broadcasting SystemStatus Heartbeat. Ticks: 126309
fail: Trading.Zerodha.Services.ZerodhaStreamer[0]
      ZerodhaStreamer: WebSocket error: Lost ticker connection.
info: Trading.Zerodha.Services.ZerodhaStreamer[0]
      ZerodhaStreamer: WebSocket connected. Subscribing to 227 tokens.
info: Trading.Zerodha.Services.ZerodhaStreamer[0]
      Setting mode:quote for 2 indices.
info: Trading.Zerodha.Services.ZerodhaStreamer[0]
      Setting mode:quote for 225 others.
info: Trading.Zerodha.Services.ZerodhaStreamer[0]
      ZerodhaStreamer: Broadcasting SystemStatus Heartbeat. Ticks: 127204
fail: Trading.Zerodha.Services.ZerodhaStreamer[0]
      ZerodhaStreamer: WebSocket error: Lost ticker connection.
info: Trading.Zerodha.Services.ZerodhaStreamer[0]
      ZerodhaStreamer: WebSocket connected. Subscribing to 227 tokens.
info: Trading.Zerodha.Services.ZerodhaStreamer[0]
      Setting mode:quote for 2 indices.
info: Trading.Zerodha.Services.ZerodhaStreamer[0]
      Setting mode:quote for 225 others.
info: Trading.Zerodha.Services.ZerodhaStreamer[0]
      ZerodhaStreamer: Broadcasting SystemStatus Heartbeat. Ticks: 127712
fail: Trading.Zerodha.Services.ZerodhaStreamer[0]
      ZerodhaStreamer: WebSocket error: Lost ticker connection.
info: Trading.Zerodha.Services.ZerodhaStreamer[0]
      ZerodhaStreamer: WebSocket connected. Subscribing to 227 tokens.
info: Trading.Zerodha.Services.ZerodhaStreamer[0]
      Setting mode:quote for 2 indices.
info: Trading.Zerodha.Services.ZerodhaStreamer[0]
      Setting mode:quote for 225 others.
info: Trading.Zerodha.Services.ZerodhaStreamer[0]
      ZerodhaStreamer: Broadcasting SystemStatus Heartbeat. Ticks: 128713
fail: Trading.Zerodha.Services.ZerodhaStreamer[0]
      ZerodhaStreamer: WebSocket error: Lost ticker connection.
info: Trading.Zerodha.Services.ZerodhaStreamer[0]
      ZerodhaStreamer: WebSocket connected. Subscribing to 227 tokens.
info: Trading.Zerodha.Services.ZerodhaStreamer[0]
      Setting mode:quote for 2 indices.
info: Trading.Zerodha.Services.ZerodhaStreamer[0]
      Setting mode:quote for 225 others.
info: Trading.Zerodha.Services.ZerodhaStreamer[0]
      ZerodhaStreamer: Broadcasting SystemStatus Heartbeat. Ticks: 129306
fail: Trading.Zerodha.Services.ZerodhaStreamer[0]
      ZerodhaStreamer: WebSocket error: Lost ticker connection.
info: Trading.Zerodha.Services.ZerodhaStreamer[0]
      ZerodhaStreamer: WebSocket connected. Subscribing to 227 tokens.
info: Trading.Zerodha.Services.ZerodhaStreamer[0]
      Setting mode:quote for 2 indices.
info: Trading.Zerodha.Services.ZerodhaStreamer[0]
      Setting mode:quote for 225 others.
fail: Trading.Zerodha.Services.ZerodhaStreamer[0]
      ZerodhaStreamer: WebSocket error: Lost ticker connection.
info: Trading.Zerodha.Services.ZerodhaStreamer[0]
      ZerodhaStreamer: WebSocket connected. Subscribing to 227 tokens.
info: Trading.Zerodha.Services.ZerodhaStreamer[0]
      Setting mode:quote for 2 indices.
info: Trading.Zerodha.Services.ZerodhaStreamer[0]
      Setting mode:quote for 225 others.
info: Trading.Zerodha.Services.ZerodhaStreamer[0]
      ZerodhaStreamer: Broadcasting SystemStatus Heartbeat. Ticks: 129668
fail: Trading.Zerodha.Services.ZerodhaStreamer[0]
      ZerodhaStreamer: WebSocket error: Lost ticker connection.
info: Trading.Zerodha.Services.ZerodhaStreamer[0]
      ZerodhaStreamer: WebSocket connected. Subscribing to 227 tokens.
info: Trading.Zerodha.Services.ZerodhaStreamer[0]
      Setting mode:quote for 2 indices.
info: Trading.Zerodha.Services.ZerodhaStreamer[0]
      Setting mode:quote for 225 others.
info: Trading.Zerodha.Services.ZerodhaStreamer[0]
      ZerodhaStreamer: Broadcasting SystemStatus Heartbeat. Ticks: 130565
info: Trading.Zerodha.Services.ZerodhaStreamer[0]
      ZerodhaStreamer: Broadcasting SystemStatus Heartbeat. Ticks: 134963
fail: Trading.Zerodha.Services.ZerodhaStreamer[0]
      ZerodhaStreamer: WebSocket error: Lost ticker connection.
info: Trading.Zerodha.Services.ZerodhaStreamer[0]
      ZerodhaStreamer: WebSocket connected. Subscribing to 227 tokens.
info: Trading.Zerodha.Services.ZerodhaStreamer[0]
      Setting mode:quote for 2 indices.
info: Trading.Zerodha.Services.ZerodhaStreamer[0]
      Setting mode:quote for 225 others.
fail: Trading.Zerodha.Services.ZerodhaStreamer[0]
      ZerodhaStreamer: WebSocket error: Lost ticker connection.
info: Trading.Zerodha.Services.ZerodhaStreamer[0]
      ZerodhaStreamer: WebSocket connected. Subscribing to 227 tokens.
info: Trading.Zerodha.Services.ZerodhaStreamer[0]
      Setting mode:quote for 2 indices.
info: Trading.Zerodha.Services.ZerodhaStreamer[0]
      Setting mode:quote for 225 others.
info: Trading.Zerodha.Services.ZerodhaStreamer[0]
      ZerodhaStreamer: Broadcasting SystemStatus Heartbeat. Ticks: 135675
fail: Trading.Zerodha.Services.ZerodhaStreamer[0]
      ZerodhaStreamer: WebSocket error: Lost ticker connection.
info: Trading.Zerodha.Services.ZerodhaStreamer[0]
      ZerodhaStreamer: WebSocket connected. Subscribing to 227 tokens.
info: Trading.Zerodha.Services.ZerodhaStreamer[0]
      Setting mode:quote for 2 indices.
info: Trading.Zerodha.Services.ZerodhaStreamer[0]
      Setting mode:quote for 225 others.
info: Trading.Zerodha.Services.ZerodhaStreamer[0]
      ZerodhaStreamer: Broadcasting SystemStatus Heartbeat. Ticks: 136353
info: Trading.Zerodha.Services.ZerodhaStreamer[0]
      ZerodhaStreamer: Broadcasting SystemStatus Heartbeat. Ticks: 137710
info: Trading.Zerodha.Services.ZerodhaStreamer[0]
      ZerodhaStreamer: Broadcasting SystemStatus Heartbeat. Ticks: 138808
fail: Trading.Zerodha.Services.ZerodhaStreamer[0]
      ZerodhaStreamer: WebSocket error: Lost ticker connection.
info: Trading.Zerodha.Services.ZerodhaStreamer[0]
      ZerodhaStreamer: WebSocket connected. Subscribing to 227 tokens.
info: Trading.Zerodha.Services.ZerodhaStreamer[0]
      Setting mode:quote for 2 indices.
info: Trading.Zerodha.Services.ZerodhaStreamer[0]
      Setting mode:quote for 225 others.
info: Trading.Zerodha.Services.ZerodhaStreamer[0]
      ZerodhaStreamer: Broadcasting SystemStatus Heartbeat. Ticks: 139730
fail: Trading.Zerodha.Services.ZerodhaStreamer[0]
      ZerodhaStreamer: WebSocket error: Lost ticker connection.
info: Trading.Zerodha.Services.ZerodhaStreamer[0]
      ZerodhaStreamer: WebSocket connected. Subscribing to 227 tokens.
info: Trading.Zerodha.Services.ZerodhaStreamer[0]
      Setting mode:quote for 2 indices.
info: Trading.Zerodha.Services.ZerodhaStreamer[0]
      Setting mode:quote for 225 others.
info: Trading.Zerodha.Services.ZerodhaStreamer[0]
      ZerodhaStreamer: Broadcasting SystemStatus Heartbeat. Ticks: 140171
fail: Trading.Zerodha.Services.ZerodhaStreamer[0]
      ZerodhaStreamer: WebSocket error: Lost ticker connection.
info: Trading.Zerodha.Services.ZerodhaStreamer[0]
      ZerodhaStreamer: WebSocket connected. Subscribing to 227 tokens.
info: Trading.Zerodha.Services.ZerodhaStreamer[0]
      Setting mode:quote for 2 indices.
info: Trading.Zerodha.Services.ZerodhaStreamer[0]
      Setting mode:quote for 225 others.
info: Trading.Zerodha.Services.ZerodhaStreamer[0]
      ZerodhaStreamer: Broadcasting SystemStatus Heartbeat. Ticks: 141171
fail: Trading.Zerodha.Services.ZerodhaStreamer[0]
      ZerodhaStreamer: WebSocket error: Lost ticker connection.
info: Trading.Zerodha.Services.ZerodhaStreamer[0]
      ZerodhaStreamer: WebSocket connected. Subscribing to 227 tokens.
info: Trading.Zerodha.Services.ZerodhaStreamer[0]
      Setting mode:quote for 2 indices.
info: Trading.Zerodha.Services.ZerodhaStreamer[0]
      Setting mode:quote for 225 others.
info: Trading.Zerodha.Services.ZerodhaStreamer[0]
      ZerodhaStreamer: Broadcasting SystemStatus Heartbeat. Ticks: 142034
info: Trading.KX.Services.EodFlushService[0]
      === PERIODIC FLUSH STARTED at 05/08/2026 14:24:50 IST ===
info: Trading.KX.Services.EodFlushService[0]
      Flushing open candle bars...
info: Trading.KX.Services.EodFlushService[0]
      Draining 29627 ticks to KDB+...
info: Trading.KX.Services.KdbWriter[0]
      KDB+: inserting 29627 ticks...
fail: Trading.KX.Services.KdbWriter[0]
      KDB+: failed to insert tick batch.
      System.Net.Sockets.SocketException (61): Connection refused [::ffff:127.0.0.1]:5001
         at System.Net.Sockets.Socket.DoConnect(EndPoint endPointSnapshot, SocketAddress socketAddress)
         at System.Net.Sockets.Socket.Connect(EndPoint remoteEP)
         at System.Net.Sockets.Socket.Connect(IPAddress[] addresses, Int32 port)
      --- End of stack trace from previous location ---
         at System.Net.Sockets.Socket.Connect(IPAddress[] addresses, Int32 port)
         at System.Net.Sockets.Socket.Connect(String host, Int32 port)
         at System.Net.Sockets.TcpClient.Connect(String hostname, Int32 port)
         at kx.c..ctor(String host, Int32 port, String userPassword, Int32 maxBufferSize, Boolean useTLS)
         at kx.c..ctor(String host, Int32 port)
         at Trading.KX.Services.KdbWriter.InsertTickBatch(List`1 ticks) in /Users/Lenovo/Projects/Zerodha_Option_Selling/Zerodha Trading Infra/Trading.KX/Services/KDBWriter.CS:line 44
info: Trading.KX.Services.EodFlushService[0]
      Draining 11912 candles to KDB+...
info: Trading.KX.Services.KdbWriter[0]
      KDB+: inserting 11912 candles...
fail: Trading.KX.Services.KdbWriter[0]
      KDB+: failed to insert candle batch.
      System.Net.Sockets.SocketException (61): Connection refused [::ffff:127.0.0.1]:5001
         at System.Net.Sockets.Socket.DoConnect(EndPoint endPointSnapshot, SocketAddress socketAddress)
         at System.Net.Sockets.Socket.Connect(EndPoint remoteEP)
         at System.Net.Sockets.Socket.Connect(IPAddress[] addresses, Int32 port)
      --- End of stack trace from previous location ---
         at System.Net.Sockets.Socket.Connect(IPAddress[] addresses, Int32 port)
         at System.Net.Sockets.Socket.Connect(String host, Int32 port)
         at System.Net.Sockets.TcpClient.Connect(String hostname, Int32 port)
         at kx.c..ctor(String host, Int32 port, String userPassword, Int32 maxBufferSize, Boolean useTLS)
         at kx.c..ctor(String host, Int32 port)
         at Trading.KX.Services.KdbWriter.InsertCandleBatch(List`1 candles) in /Users/Lenovo/Projects/Zerodha_Option_Selling/Zerodha Trading Infra/Trading.KX/Services/KDBWriter.CS:line 94
info: Trading.KX.Services.EodFlushService[0]
      === EOD FLUSH COMPLETE: 29627 ticks, 11912 candles written to KDB+ ===
info: Trading.Zerodha.Services.ZerodhaStreamer[0]
      ZerodhaStreamer: Broadcasting SystemStatus Heartbeat. Ticks: 143220
info: Trading.Zerodha.Services.ZerodhaStreamer[0]
      ZerodhaStreamer: Broadcasting SystemStatus Heartbeat. Ticks: 144550
fail: Trading.Zerodha.Services.ZerodhaStreamer[0]
      ZerodhaStreamer: WebSocket error: Lost ticker connection.
info: Trading.Zerodha.Services.ZerodhaStreamer[0]
      ZerodhaStreamer: WebSocket connected. Subscribing to 227 tokens.
info: Trading.Zerodha.Services.ZerodhaStreamer[0]
      Setting mode:quote for 2 indices.
info: Trading.Zerodha.Services.ZerodhaStreamer[0]
      Setting mode:quote for 225 others.
info: Trading.Zerodha.Services.ZerodhaStreamer[0]
      ZerodhaStreamer: Broadcasting SystemStatus Heartbeat. Ticks: 145252
fail: Trading.Zerodha.Services.ZerodhaStreamer[0]
      ZerodhaStreamer: WebSocket error: Lost ticker connection.
info: Trading.Zerodha.Services.ZerodhaStreamer[0]
      ZerodhaStreamer: WebSocket connected. Subscribing to 227 tokens.
info: Trading.Zerodha.Services.ZerodhaStreamer[0]
      Setting mode:quote for 2 indices.
info: Trading.Zerodha.Services.ZerodhaStreamer[0]
      Setting mode:quote for 225 others.
info: Trading.Zerodha.Services.ZerodhaStreamer[0]
      ZerodhaStreamer: Broadcasting SystemStatus Heartbeat. Ticks: 145819
fail: Trading.Zerodha.Services.ZerodhaStreamer[0]
      ZerodhaStreamer: WebSocket error: Lost ticker connection.
info: Trading.Zerodha.Services.ZerodhaStreamer[0]
      ZerodhaStreamer: WebSocket connected. Subscribing to 227 tokens.
info: Trading.Zerodha.Services.ZerodhaStreamer[0]
      Setting mode:quote for 2 indices.
info: Trading.Zerodha.Services.ZerodhaStreamer[0]
      Setting mode:quote for 225 others.
info: Trading.Zerodha.Services.ZerodhaStreamer[0]
      ZerodhaStreamer: Broadcasting SystemStatus Heartbeat. Ticks: 146176
fail: Trading.Zerodha.Services.ZerodhaStreamer[0]
      ZerodhaStreamer: WebSocket error: Lost ticker connection.
info: Trading.Zerodha.Services.ZerodhaStreamer[0]
      ZerodhaStreamer: WebSocket connected. Subscribing to 227 tokens.
info: Trading.Zerodha.Services.ZerodhaStreamer[0]
      Setting mode:quote for 2 indices.
info: Trading.Zerodha.Services.ZerodhaStreamer[0]
      Setting mode:quote for 225 others.
info: Trading.Zerodha.Services.ZerodhaStreamer[0]
      ZerodhaStreamer: Broadcasting SystemStatus Heartbeat. Ticks: 147267
fail: Trading.Zerodha.Services.ZerodhaStreamer[0]
      ZerodhaStreamer: WebSocket error: Lost ticker connection.
info: Trading.Zerodha.Services.ZerodhaStreamer[0]
      ZerodhaStreamer: WebSocket connected. Subscribing to 227 tokens.
info: Trading.Zerodha.Services.ZerodhaStreamer[0]
      Setting mode:quote for 2 indices.
info: Trading.Zerodha.Services.ZerodhaStreamer[0]
      Setting mode:quote for 225 others.
info: Trading.Zerodha.Services.ZerodhaStreamer[0]
      ZerodhaStreamer: Broadcasting SystemStatus Heartbeat. Ticks: 147732
fail: Trading.Zerodha.Services.ZerodhaStreamer[0]
      ZerodhaStreamer: WebSocket error: Lost ticker connection.
info: Trading.Zerodha.Services.ZerodhaStreamer[0]
      ZerodhaStreamer: WebSocket connected. Subscribing to 227 tokens.
info: Trading.Zerodha.Services.ZerodhaStreamer[0]
      Setting mode:quote for 2 indices.
info: Trading.Zerodha.Services.ZerodhaStreamer[0]
      Setting mode:quote for 225 others.
info: Trading.Zerodha.Services.ZerodhaStreamer[0]
      ZerodhaStreamer: Broadcasting SystemStatus Heartbeat. Ticks: 152637
info: Trading.Zerodha.Services.ZerodhaStreamer[0]
      ZerodhaStreamer: Broadcasting SystemStatus Heartbeat. Ticks: 157480
fail: Trading.Zerodha.Services.ZerodhaStreamer[0]
      ZerodhaStreamer: WebSocket error: Lost ticker connection.
info: Trading.Zerodha.Services.ZerodhaStreamer[0]
      ZerodhaStreamer: Broadcasting SystemStatus Heartbeat. Ticks: 162308
info: Trading.Zerodha.Services.ZerodhaStreamer[0]
      ZerodhaStreamer: WebSocket connected. Subscribing to 227 tokens.
info: Trading.Zerodha.Services.ZerodhaStreamer[0]
      Setting mode:quote for 2 indices.
info: Trading.Zerodha.Services.ZerodhaStreamer[0]
      Setting mode:quote for 225 others.
info: Trading.Zerodha.Services.ZerodhaStreamer[0]
      ZerodhaStreamer: Broadcasting SystemStatus Heartbeat. Ticks: 162681
info: Trading.Zerodha.Services.ZerodhaStreamer[0]
      ZerodhaStreamer: WebSocket connected. Subscribing to 227 tokens.
info: Trading.Zerodha.Services.ZerodhaStreamer[0]
      Setting mode:quote for 2 indices.
info: Trading.Zerodha.Services.ZerodhaStreamer[0]
      Setting mode:quote for 225 others.
fail: Trading.Zerodha.Services.ZerodhaStreamer[0]
      ZerodhaStreamer: WebSocket error: Lost ticker connection.
fail: Trading.Zerodha.Services.ZerodhaStreamer[0]
      ZerodhaStreamer: WebSocket error: Lost ticker connection.
info: Trading.Zerodha.Services.ZerodhaStreamer[0]
      ZerodhaStreamer: WebSocket connected. Subscribing to 227 tokens.
info: Trading.Zerodha.Services.ZerodhaStreamer[0]
      Setting mode:quote for 2 indices.
info: Trading.Zerodha.Services.ZerodhaStreamer[0]
      Setting mode:quote for 225 others.
info: Trading.Zerodha.Services.ZerodhaStreamer[0]
      ZerodhaStreamer: Broadcasting SystemStatus Heartbeat. Ticks: 167455
fail: Trading.Zerodha.Services.ZerodhaStreamer[0]
      ZerodhaStreamer: WebSocket error: Lost ticker connection.
info: Trading.Zerodha.Services.ZerodhaStreamer[0]
      ZerodhaStreamer: WebSocket connected. Subscribing to 227 tokens.
info: Trading.Zerodha.Services.ZerodhaStreamer[0]
      Setting mode:quote for 2 indices.
info: Trading.Zerodha.Services.ZerodhaStreamer[0]
      Setting mode:quote for 225 others.
info: Trading.Zerodha.Services.ZerodhaStreamer[0]
      ZerodhaStreamer: Broadcasting SystemStatus Heartbeat. Ticks: 168248
fail: Trading.Zerodha.Services.ZerodhaStreamer[0]
      ZerodhaStreamer: WebSocket error: Lost ticker connection.
info: Trading.Zerodha.Services.ZerodhaStreamer[0]
      ZerodhaStreamer: WebSocket connected. Subscribing to 227 tokens.
info: Trading.Zerodha.Services.ZerodhaStreamer[0]
      Setting mode:quote for 2 indices.
info: Trading.Zerodha.Services.ZerodhaStreamer[0]
      Setting mode:quote for 225 others.
info: Trading.Zerodha.Services.ZerodhaStreamer[0]
      ZerodhaStreamer: Broadcasting SystemStatus Heartbeat. Ticks: 168683
fail: Trading.Zerodha.Services.ZerodhaStreamer[0]
      ZerodhaStreamer: WebSocket error: Lost ticker connection.
info: Trading.Zerodha.Services.ZerodhaStreamer[0]
      ZerodhaStreamer: WebSocket connected. Subscribing to 227 tokens.
info: Trading.Zerodha.Services.ZerodhaStreamer[0]
      Setting mode:quote for 2 indices.
info: Trading.Zerodha.Services.ZerodhaStreamer[0]
      Setting mode:quote for 225 others.
fail: Trading.Zerodha.Services.ZerodhaStreamer[0]
      ZerodhaStreamer: WebSocket error: Lost ticker connection.
info: Trading.Zerodha.Services.ZerodhaStreamer[0]
      ZerodhaStreamer: Broadcasting SystemStatus Heartbeat. Ticks: 169074
info: Trading.Zerodha.Services.ZerodhaStreamer[0]
      ZerodhaStreamer: WebSocket connected. Subscribing to 227 tokens.
info: Trading.Zerodha.Services.ZerodhaStreamer[0]
      Setting mode:quote for 2 indices.
info: Trading.Zerodha.Services.ZerodhaStreamer[0]
      Setting mode:quote for 225 others.
info: Trading.Zerodha.Services.ZerodhaStreamer[0]
      ZerodhaStreamer: Broadcasting SystemStatus Heartbeat. Ticks: 175309
fail: Trading.Zerodha.Services.ZerodhaStreamer[0]
      ZerodhaStreamer: WebSocket error: Lost ticker connection.
info: Trading.Zerodha.Services.ZerodhaStreamer[0]
      ZerodhaStreamer: WebSocket connected. Subscribing to 227 tokens.
info: Trading.Zerodha.Services.ZerodhaStreamer[0]
      Setting mode:quote for 2 indices.
info: Trading.Zerodha.Services.ZerodhaStreamer[0]
      Setting mode:quote for 225 others.
info: Trading.Zerodha.Services.ZerodhaStreamer[0]
      ZerodhaStreamer: Broadcasting SystemStatus Heartbeat. Ticks: 175556
fail: Trading.Zerodha.Services.ZerodhaStreamer[0]
      ZerodhaStreamer: WebSocket error: Lost ticker connection.
info: Trading.Zerodha.Services.ZerodhaStreamer[0]
      ZerodhaStreamer: WebSocket connected. Subscribing to 227 tokens.
info: Trading.Zerodha.Services.ZerodhaStreamer[0]
      Setting mode:quote for 2 indices.
info: Trading.Zerodha.Services.ZerodhaStreamer[0]
      Setting mode:quote for 225 others.
info: Trading.Zerodha.Services.ZerodhaStreamer[0]
      ZerodhaStreamer: Broadcasting SystemStatus Heartbeat. Ticks: 175804
fail: Trading.Zerodha.Services.ZerodhaStreamer[0]
      ZerodhaStreamer: WebSocket error: Lost ticker connection.
info: Trading.Zerodha.Services.ZerodhaStreamer[0]
      ZerodhaStreamer: WebSocket connected. Subscribing to 227 tokens.
info: Trading.Zerodha.Services.ZerodhaStreamer[0]
      Setting mode:quote for 2 indices.
info: Trading.Zerodha.Services.ZerodhaStreamer[0]
      Setting mode:quote for 225 others.
warn: Trading.Streamer.MarketClosingService[0]
      Market Closing Service: 15:35 IST reached. Triggering system shutdown...
info: Microsoft.Hosting.Lifetime[0]
      Application is shutting down...
info: Trading.Streamer.Worker[0]
      Worker stopping...
warn: Trading.Zerodha.Services.ZerodhaStreamer[0]
      ZerodhaStreamer: WebSocket closed. Reconnect will be attempted by the SDK.
fail: Trading.Zerodha.Services.ZerodhaStreamer[0]
      ZerodhaStreamer: WebSocket error: Lost ticker connection.
